<?xml version="1.0" encoding="UTF-8"?>
<coverage generated="1641419023567" clover="3.2.0">
  <project timestamp="1641419023567" name="All files">
    <metrics statements="21" coveredstatements="20" conditionals="2" coveredconditionals="2" methods="6" coveredmethods="5" elements="29" coveredelements="27" complexity="0" loc="21" ncloc="21" packages="2" files="5" classes="5"/>
    <package name="Image-Gallery">
      <metrics statements="5" coveredstatements="4" conditionals="0" coveredconditionals="0" methods="2" coveredmethods="1"/>
      <file name="TinyImage.jsx" path="/Users/michael/Desktop/project-catwalk/client/src/component/Overview/Image-Gallery/TinyImage.jsx">
        <metrics statements="5" coveredstatements="4" conditionals="0" coveredconditionals="0" methods="2" coveredmethods="1"/>
        <line num="4" count="1" type="stmt"/>
        <line num="5" count="1" type="stmt"/>
        <line num="7" count="0" type="stmt"/>
        <line num="15" count="1" type="stmt"/>
        <line num="27" count="1" type="stmt"/>
      </file>
    </package>
    <package name="Product-Info">
      <metrics statements="16" coveredstatements="16" conditionals="2" coveredconditionals="2" methods="4" coveredmethods="4"/>
      <file name="Category.jsx" path="/Users/michael/Desktop/project-catwalk/client/src/component/Overview/Product-Info/Category.jsx">
        <metrics statements="3" coveredstatements="3" conditionals="0" coveredconditionals="0" methods="1" coveredmethods="1"/>
        <line num="4" count="1" type="stmt"/>
        <line num="5" count="1" type="stmt"/>
        <line num="10" count="1" type="stmt"/>
      </file>
      <file name="Price.jsx" path="/Users/michael/Desktop/project-catwalk/client/src/component/Overview/Product-Info/Price.jsx">
        <metrics statements="6" coveredstatements="6" conditionals="2" coveredconditionals="2" methods="1" coveredmethods="1"/>
        <line num="4" count="1" type="stmt"/>
        <line num="5" count="2" type="cond" truecount="2" falsecount="0"/>
        <line num="6" count="1" type="stmt"/>
        <line num="8" count="1" type="stmt"/>
        <line num="18" count="1" type="stmt"/>
        <line num="22" count="1" type="stmt"/>
      </file>
      <file name="ProductDescription.jsx" path="/Users/michael/Desktop/project-catwalk/client/src/component/Overview/Product-Info/ProductDescription.jsx">
        <metrics statements="5" coveredstatements="5" conditionals="0" coveredconditionals="0" methods="1" coveredmethods="1"/>
        <line num="4" count="1" type="stmt"/>
        <line num="5" count="1" type="stmt"/>
        <line num="13" count="1" type="stmt"/>
        <line num="18" count="1" type="stmt"/>
        <line num="22" count="1" type="stmt"/>
      </file>
      <file name="ProductName.jsx" path="/Users/michael/Desktop/project-catwalk/client/src/component/Overview/Product-Info/ProductName.jsx">
        <metrics statements="2" coveredstatements="2" conditionals="0" coveredconditionals="0" methods="1" coveredmethods="1"/>
        <line num="4" count="1" type="stmt"/>
        <line num="8" count="1" type="stmt"/>
      </file>
    </package>
  </project>
</coverage>
