{"/Users/yr/hackreactor/fec/FEC-CATWALK/client/src/component/App.jsx": {"path":"/Users/yr/hackreactor/fec/FEC-CATWALK/client/src/component/App.jsx","statementMap":{"0":{"start":{"line":8,"column":12},"end":{"line":21,"column":1}},"1":{"start":{"line":9,"column":17},"end":{"line":9,"column":28}},"2":{"start":{"line":10,"column":36},"end":{"line":10,"column":62}},"3":{"start":{"line":11,"column":2},"end":{"line":11,"column":26}},"4":{"start":{"line":12,"column":2},"end":{"line":20,"column":4}}},"fnMap":{"0":{"name":"(anonymous_0)","decl":{"start":{"line":8,"column":12},"end":{"line":8,"column":13}},"loc":{"start":{"line":8,"column":18},"end":{"line":21,"column":1}},"line":8},"1":{"name":"(anonymous_1)","decl":{"start":{"line":11,"column":12},"end":{"line":11,"column":13}},"loc":{"start":{"line":11,"column":18},"end":{"line":11,"column":20}},"line":11}},"branchMap":{},"s":{"0":1,"1":1,"2":1,"3":1,"4":1},"f":{"0":1,"1":1},"b":{},"_coverageSchema":"1a1c01bbd47fc00a2c39e90264f33305004495a9","hash":"1588a28e5b33c3fae71a940c80eb46b56031a765"}
,"/Users/yr/hackreactor/fec/FEC-CATWALK/client/src/component/ProductContext.jsx": {"path":"/Users/yr/hackreactor/fec/FEC-CATWALK/client/src/component/ProductContext.jsx","statementMap":{"0":{"start":{"line":3,"column":23},"end":{"line":6,"column":2}},"1":{"start":{"line":7,"column":0},"end":{"line":7,"column":41}}},"fnMap":{"0":{"name":"(anonymous_0)","decl":{"start":{"line":5,"column":16},"end":{"line":5,"column":17}},"loc":{"start":{"line":5,"column":24},"end":{"line":5,"column":26}},"line":5}},"branchMap":{},"s":{"0":2,"1":2},"f":{"0":0},"b":{},"_coverageSchema":"1a1c01bbd47fc00a2c39e90264f33305004495a9","hash":"409b585c7b20886adc68b098b6aea0b0ad9b65f8"}
,"/Users/yr/hackreactor/fec/FEC-CATWALK/client/src/component/Overview/Overview.jsx": {"path":"/Users/yr/hackreactor/fec/FEC-CATWALK/client/src/component/Overview/Overview.jsx","statementMap":{"0":{"start":{"line":24,"column":14},"end":{"line":24,"column":30}},"1":{"start":{"line":26,"column":17},"end":{"line":106,"column":1}},"2":{"start":{"line":27,"column":25},"end":{"line":27,"column":51}},"3":{"start":{"line":28,"column":32},"end":{"line":28,"column":44}},"4":{"start":{"line":29,"column":52},"end":{"line":29,"column":63}},"5":{"start":{"line":30,"column":36},"end":{"line":30,"column":47}},"6":{"start":{"line":32,"column":2},"end":{"line":48,"column":33}},"7":{"start":{"line":33,"column":4},"end":{"line":42,"column":9}},"8":{"start":{"line":38,"column":8},"end":{"line":38,"column":34}},"9":{"start":{"line":41,"column":8},"end":{"line":41,"column":18}},"10":{"start":{"line":44,"column":4},"end":{"line":47,"column":6}},"11":{"start":{"line":45,"column":6},"end":{"line":45,"column":30}},"12":{"start":{"line":46,"column":6},"end":{"line":46,"column":22}},"13":{"start":{"line":50,"column":2},"end":{"line":105,"column":4}},"14":{"start":{"line":110,"column":27},"end":{"line":117,"column":1}},"15":{"start":{"line":119,"column":22},"end":{"line":126,"column":1}},"16":{"start":{"line":128,"column":27},"end":{"line":131,"column":1}},"17":{"start":{"line":133,"column":29},"end":{"line":136,"column":1}},"18":{"start":{"line":138,"column":29},"end":{"line":140,"column":1}},"19":{"start":{"line":142,"column":28},"end":{"line":144,"column":1}}},"fnMap":{"0":{"name":"(anonymous_0)","decl":{"start":{"line":26,"column":17},"end":{"line":26,"column":18}},"loc":{"start":{"line":26,"column":23},"end":{"line":106,"column":1}},"line":26},"1":{"name":"(anonymous_1)","decl":{"start":{"line":32,"column":12},"end":{"line":32,"column":13}},"loc":{"start":{"line":32,"column":18},"end":{"line":48,"column":3}},"line":32},"2":{"name":"(anonymous_2)","decl":{"start":{"line":37,"column":12},"end":{"line":37,"column":13}},"loc":{"start":{"line":37,"column":26},"end":{"line":39,"column":7}},"line":37},"3":{"name":"(anonymous_3)","decl":{"start":{"line":40,"column":13},"end":{"line":40,"column":14}},"loc":{"start":{"line":40,"column":22},"end":{"line":42,"column":7}},"line":40},"4":{"name":"cleanup","decl":{"start":{"line":44,"column":20},"end":{"line":44,"column":27}},"loc":{"start":{"line":44,"column":30},"end":{"line":47,"column":5}},"line":44}},"branchMap":{"0":{"loc":{"start":{"line":53,"column":9},"end":{"line":53,"column":69}},"type":"binary-expr","locations":[{"start":{"line":53,"column":9},"end":{"line":53,"column":25}},{"start":{"line":53,"column":29},"end":{"line":53,"column":69}}],"line":53},"1":{"loc":{"start":{"line":54,"column":9},"end":{"line":54,"column":60}},"type":"binary-expr","locations":[{"start":{"line":54,"column":9},"end":{"line":54,"column":21}},{"start":{"line":54,"column":25},"end":{"line":54,"column":60}}],"line":54},"2":{"loc":{"start":{"line":57,"column":11},"end":{"line":63,"column":11}},"type":"binary-expr","locations":[{"start":{"line":57,"column":11},"end":{"line":57,"column":25}},{"start":{"line":58,"column":12},"end":{"line":62,"column":14}}],"line":57},"3":{"loc":{"start":{"line":64,"column":11},"end":{"line":69,"column":11}},"type":"binary-expr","locations":[{"start":{"line":64,"column":11},"end":{"line":64,"column":25}},{"start":{"line":65,"column":12},"end":{"line":68,"column":14}}],"line":64},"4":{"loc":{"start":{"line":70,"column":11},"end":{"line":70,"column":76}},"type":"binary-expr","locations":[{"start":{"line":70,"column":11},"end":{"line":70,"column":25}},{"start":{"line":70,"column":29},"end":{"line":70,"column":76}}],"line":70},"5":{"loc":{"start":{"line":74,"column":11},"end":{"line":80,"column":11}},"type":"binary-expr","locations":[{"start":{"line":74,"column":11},"end":{"line":74,"column":25}},{"start":{"line":75,"column":12},"end":{"line":79,"column":14}}],"line":74},"6":{"loc":{"start":{"line":84,"column":11},"end":{"line":88,"column":11}},"type":"binary-expr","locations":[{"start":{"line":84,"column":11},"end":{"line":84,"column":25}},{"start":{"line":85,"column":12},"end":{"line":87,"column":14}}],"line":84},"7":{"loc":{"start":{"line":92,"column":11},"end":{"line":94,"column":11}},"type":"binary-expr","locations":[{"start":{"line":92,"column":11},"end":{"line":92,"column":25}},{"start":{"line":93,"column":12},"end":{"line":93,"column":70}}],"line":92},"8":{"loc":{"start":{"line":98,"column":11},"end":{"line":100,"column":11}},"type":"binary-expr","locations":[{"start":{"line":98,"column":11},"end":{"line":98,"column":25}},{"start":{"line":99,"column":12},"end":{"line":99,"column":74}}],"line":98}},"s":{"0":1,"1":1,"2":1,"3":1,"4":1,"5":1,"6":1,"7":1,"8":0,"9":0,"10":1,"11":1,"12":1,"13":1,"14":1,"15":1,"16":1,"17":1,"18":1,"19":1},"f":{"0":1,"1":1,"2":0,"3":0,"4":1},"b":{"0":[1,0],"1":[1,0],"2":[1,0],"3":[1,0],"4":[1,0],"5":[1,0],"6":[1,0],"7":[1,0],"8":[1,0]},"_coverageSchema":"1a1c01bbd47fc00a2c39e90264f33305004495a9","hash":"d7d25088a73002999fddededa675e35b74c5eb61"}
,"/Users/yr/hackreactor/fec/FEC-CATWALK/client/src/component/Overview/Cart/AddToCart.jsx": {"path":"/Users/yr/hackreactor/fec/FEC-CATWALK/client/src/component/Overview/Cart/AddToCart.jsx","statementMap":{"0":{"start":{"line":3,"column":18},"end":{"line":3,"column":52}},"1":{"start":{"line":3,"column":24},"end":{"line":3,"column":52}}},"fnMap":{"0":{"name":"(anonymous_0)","decl":{"start":{"line":3,"column":18},"end":{"line":3,"column":19}},"loc":{"start":{"line":3,"column":24},"end":{"line":3,"column":52}},"line":3}},"branchMap":{},"s":{"0":1,"1":0},"f":{"0":0},"b":{},"_coverageSchema":"1a1c01bbd47fc00a2c39e90264f33305004495a9","hash":"2425db0cd6bc68f7c719c8c9955f8cd41fbf3ca5"}
,"/Users/yr/hackreactor/fec/FEC-CATWALK/client/src/component/Overview/Cart/Quantity.jsx": {"path":"/Users/yr/hackreactor/fec/FEC-CATWALK/client/src/component/Overview/Cart/Quantity.jsx","statementMap":{"0":{"start":{"line":3,"column":17},"end":{"line":30,"column":1}},"1":{"start":{"line":4,"column":26},"end":{"line":4,"column":28}},"2":{"start":{"line":6,"column":2},"end":{"line":14,"column":3}},"3":{"start":{"line":7,"column":4},"end":{"line":9,"column":5}},"4":{"start":{"line":7,"column":17},"end":{"line":7,"column":18}},"5":{"start":{"line":8,"column":6},"end":{"line":8,"column":30}},"6":{"start":{"line":11,"column":4},"end":{"line":13,"column":5}},"7":{"start":{"line":11,"column":17},"end":{"line":11,"column":18}},"8":{"start":{"line":12,"column":6},"end":{"line":12,"column":30}},"9":{"start":{"line":16,"column":2},"end":{"line":22,"column":3}},"10":{"start":{"line":17,"column":4},"end":{"line":21,"column":6}},"11":{"start":{"line":23,"column":2},"end":{"line":29,"column":4}},"12":{"start":{"line":26,"column":8},"end":{"line":26,"column":33}}},"fnMap":{"0":{"name":"(anonymous_0)","decl":{"start":{"line":3,"column":17},"end":{"line":3,"column":18}},"loc":{"start":{"line":3,"column":56},"end":{"line":30,"column":1}},"line":3},"1":{"name":"(anonymous_1)","decl":{"start":{"line":25,"column":27},"end":{"line":25,"column":28}},"loc":{"start":{"line":26,"column":8},"end":{"line":26,"column":33}},"line":26}},"branchMap":{"0":{"loc":{"start":{"line":6,"column":2},"end":{"line":14,"column":3}},"type":"if","locations":[{"start":{"line":6,"column":2},"end":{"line":14,"column":3}},{"start":{"line":10,"column":9},"end":{"line":14,"column":3}}],"line":6},"1":{"loc":{"start":{"line":6,"column":6},"end":{"line":6,"column":50}},"type":"binary-expr","locations":[{"start":{"line":6,"column":6},"end":{"line":6,"column":25}},{"start":{"line":6,"column":29},"end":{"line":6,"column":50}}],"line":6},"2":{"loc":{"start":{"line":16,"column":2},"end":{"line":22,"column":3}},"type":"if","locations":[{"start":{"line":16,"column":2},"end":{"line":22,"column":3}},{"start":{},"end":{}}],"line":16},"3":{"loc":{"start":{"line":16,"column":6},"end":{"line":16,"column":63}},"type":"binary-expr","locations":[{"start":{"line":16,"column":6},"end":{"line":16,"column":29}},{"start":{"line":16,"column":33},"end":{"line":16,"column":63}}],"line":16}},"s":{"0":1,"1":0,"2":0,"3":0,"4":0,"5":0,"6":0,"7":0,"8":0,"9":0,"10":0,"11":0,"12":0},"f":{"0":0,"1":0},"b":{"0":[0,0],"1":[0,0],"2":[0,0],"3":[0,0]},"_coverageSchema":"1a1c01bbd47fc00a2c39e90264f33305004495a9","hash":"af99431e2530dae575dddc3bd785801ebbf378ec"}
,"/Users/yr/hackreactor/fec/FEC-CATWALK/client/src/component/Overview/Cart/SizeDropdown.jsx": {"path":"/Users/yr/hackreactor/fec/FEC-CATWALK/client/src/component/Overview/Cart/SizeDropdown.jsx","statementMap":{"0":{"start":{"line":5,"column":21},"end":{"line":39,"column":1}},"1":{"start":{"line":6,"column":37},"end":{"line":6,"column":53}},"2":{"start":{"line":7,"column":44},"end":{"line":7,"column":57}},"3":{"start":{"line":9,"column":23},"end":{"line":9,"column":25}},"4":{"start":{"line":10,"column":16},"end":{"line":10,"column":18}},"5":{"start":{"line":12,"column":2},"end":{"line":18,"column":3}},"6":{"start":{"line":13,"column":4},"end":{"line":16,"column":6}},"7":{"start":{"line":17,"column":4},"end":{"line":17,"column":31}},"8":{"start":{"line":20,"column":2},"end":{"line":38,"column":4}},"9":{"start":{"line":24,"column":10},"end":{"line":25,"column":67}},"10":{"start":{"line":30,"column":10},"end":{"line":30,"column":33}}},"fnMap":{"0":{"name":"(anonymous_0)","decl":{"start":{"line":5,"column":21},"end":{"line":5,"column":22}},"loc":{"start":{"line":5,"column":35},"end":{"line":39,"column":1}},"line":5},"1":{"name":"(anonymous_1)","decl":{"start":{"line":23,"column":18},"end":{"line":23,"column":19}},"loc":{"start":{"line":24,"column":10},"end":{"line":25,"column":67}},"line":24},"2":{"name":"(anonymous_2)","decl":{"start":{"line":29,"column":19},"end":{"line":29,"column":20}},"loc":{"start":{"line":30,"column":10},"end":{"line":30,"column":33}},"line":30}},"branchMap":{},"s":{"0":1,"1":0,"2":0,"3":0,"4":0,"5":0,"6":0,"7":0,"8":0,"9":0,"10":0},"f":{"0":0,"1":0,"2":0},"b":{},"_coverageSchema":"1a1c01bbd47fc00a2c39e90264f33305004495a9","hash":"e7a01b8aa215805cf514d6102acb44d850378a1b"}
,"/Users/yr/hackreactor/fec/FEC-CATWALK/client/src/component/Overview/Image-Gallery/CurrentImage.jsx": {"path":"/Users/yr/hackreactor/fec/FEC-CATWALK/client/src/component/Overview/Image-Gallery/CurrentImage.jsx","statementMap":{"0":{"start":{"line":4,"column":21},"end":{"line":16,"column":1}},"1":{"start":{"line":5,"column":35},"end":{"line":5,"column":46}},"2":{"start":{"line":7,"column":2},"end":{"line":13,"column":52}},"3":{"start":{"line":8,"column":4},"end":{"line":12,"column":5}},"4":{"start":{"line":9,"column":6},"end":{"line":9,"column":63}},"5":{"start":{"line":11,"column":6},"end":{"line":11,"column":71}},"6":{"start":{"line":15,"column":2},"end":{"line":15,"column":48}},"7":{"start":{"line":20,"column":24},"end":{"line":28,"column":1}}},"fnMap":{"0":{"name":"(anonymous_0)","decl":{"start":{"line":4,"column":21},"end":{"line":4,"column":22}},"loc":{"start":{"line":4,"column":74},"end":{"line":16,"column":1}},"line":4},"1":{"name":"(anonymous_1)","decl":{"start":{"line":7,"column":12},"end":{"line":7,"column":13}},"loc":{"start":{"line":7,"column":18},"end":{"line":13,"column":3}},"line":7}},"branchMap":{"0":{"loc":{"start":{"line":8,"column":4},"end":{"line":12,"column":5}},"type":"if","locations":[{"start":{"line":8,"column":4},"end":{"line":12,"column":5}},{"start":{"line":10,"column":11},"end":{"line":12,"column":5}}],"line":8}},"s":{"0":1,"1":0,"2":0,"3":0,"4":0,"5":0,"6":0,"7":1},"f":{"0":0,"1":0},"b":{"0":[0,0]},"_coverageSchema":"1a1c01bbd47fc00a2c39e90264f33305004495a9","hash":"03b859bae97835b273cc2be68094b4b96731e156"}
,"/Users/yr/hackreactor/fec/FEC-CATWALK/client/src/component/Overview/Image-Gallery/Sidebar.jsx": {"path":"/Users/yr/hackreactor/fec/FEC-CATWALK/client/src/component/Overview/Image-Gallery/Sidebar.jsx","statementMap":{"0":{"start":{"line":5,"column":16},"end":{"line":15,"column":1}},"1":{"start":{"line":6,"column":14},"end":{"line":6,"column":15}},"2":{"start":{"line":8,"column":2},"end":{"line":14,"column":4}},"3":{"start":{"line":11,"column":8},"end":{"line":11,"column":79}},"4":{"start":{"line":19,"column":22},"end":{"line":24,"column":1}}},"fnMap":{"0":{"name":"(anonymous_0)","decl":{"start":{"line":5,"column":16},"end":{"line":5,"column":17}},"loc":{"start":{"line":5,"column":46},"end":{"line":15,"column":1}},"line":5},"1":{"name":"(anonymous_1)","decl":{"start":{"line":10,"column":18},"end":{"line":10,"column":19}},"loc":{"start":{"line":11,"column":8},"end":{"line":11,"column":79}},"line":11}},"branchMap":{},"s":{"0":1,"1":0,"2":0,"3":0,"4":1},"f":{"0":0,"1":0},"b":{},"_coverageSchema":"1a1c01bbd47fc00a2c39e90264f33305004495a9","hash":"e3d5f0029ed0ce978079d900959c3b8c1e027408"}
,"/Users/yr/hackreactor/fec/FEC-CATWALK/client/src/component/Overview/Image-Gallery/TinyImage.jsx": {"path":"/Users/yr/hackreactor/fec/FEC-CATWALK/client/src/component/Overview/Image-Gallery/TinyImage.jsx","statementMap":{"0":{"start":{"line":4,"column":18},"end":{"line":11,"column":1}},"1":{"start":{"line":5,"column":2},"end":{"line":10,"column":12}},"2":{"start":{"line":7,"column":21},"end":{"line":7,"column":40}},"3":{"start":{"line":15,"column":20},"end":{"line":25,"column":1}},"4":{"start":{"line":27,"column":16},"end":{"line":30,"column":1}}},"fnMap":{"0":{"name":"(anonymous_0)","decl":{"start":{"line":4,"column":18},"end":{"line":4,"column":19}},"loc":{"start":{"line":5,"column":2},"end":{"line":10,"column":12}},"line":5},"1":{"name":"(anonymous_1)","decl":{"start":{"line":7,"column":15},"end":{"line":7,"column":16}},"loc":{"start":{"line":7,"column":21},"end":{"line":7,"column":40}},"line":7}},"branchMap":{},"s":{"0":1,"1":0,"2":0,"3":1,"4":1},"f":{"0":0,"1":0},"b":{},"_coverageSchema":"1a1c01bbd47fc00a2c39e90264f33305004495a9","hash":"70a86501a592a46c94ab4b0c04b9b77f0b693716"}
,"/Users/yr/hackreactor/fec/FEC-CATWALK/client/src/component/Overview/Product-Info/Category.jsx": {"path":"/Users/yr/hackreactor/fec/FEC-CATWALK/client/src/component/Overview/Product-Info/Category.jsx","statementMap":{"0":{"start":{"line":4,"column":17},"end":{"line":6,"column":1}},"1":{"start":{"line":5,"column":2},"end":{"line":5,"column":47}},"2":{"start":{"line":10,"column":24},"end":{"line":14,"column":1}}},"fnMap":{"0":{"name":"(anonymous_0)","decl":{"start":{"line":4,"column":17},"end":{"line":4,"column":18}},"loc":{"start":{"line":5,"column":2},"end":{"line":5,"column":47}},"line":5}},"branchMap":{},"s":{"0":1,"1":0,"2":1},"f":{"0":0},"b":{},"_coverageSchema":"1a1c01bbd47fc00a2c39e90264f33305004495a9","hash":"004230b5366dd7d46c50247dda146aa0b7ee64ce"}
,"/Users/yr/hackreactor/fec/FEC-CATWALK/client/src/component/Overview/Product-Info/Price.jsx": {"path":"/Users/yr/hackreactor/fec/FEC-CATWALK/client/src/component/Overview/Product-Info/Price.jsx","statementMap":{"0":{"start":{"line":4,"column":14},"end":{"line":14,"column":1}},"1":{"start":{"line":5,"column":2},"end":{"line":7,"column":3}},"2":{"start":{"line":6,"column":4},"end":{"line":6,"column":53}},"3":{"start":{"line":8,"column":2},"end":{"line":13,"column":4}},"4":{"start":{"line":18,"column":22},"end":{"line":20,"column":1}},"5":{"start":{"line":22,"column":18},"end":{"line":24,"column":1}}},"fnMap":{"0":{"name":"(anonymous_0)","decl":{"start":{"line":4,"column":14},"end":{"line":4,"column":15}},"loc":{"start":{"line":4,"column":36},"end":{"line":14,"column":1}},"line":4}},"branchMap":{"0":{"loc":{"start":{"line":5,"column":2},"end":{"line":7,"column":3}},"type":"if","locations":[{"start":{"line":5,"column":2},"end":{"line":7,"column":3}},{"start":{},"end":{}}],"line":5}},"s":{"0":1,"1":0,"2":0,"3":0,"4":1,"5":1},"f":{"0":0},"b":{"0":[0,0]},"_coverageSchema":"1a1c01bbd47fc00a2c39e90264f33305004495a9","hash":"206befd6e7fa56839fefa17912df1f09f231c727"}
,"/Users/yr/hackreactor/fec/FEC-CATWALK/client/src/component/Overview/Product-Info/ProductDescription.jsx": {"path":"/Users/yr/hackreactor/fec/FEC-CATWALK/client/src/component/Overview/Product-Info/ProductDescription.jsx","statementMap":{"0":{"start":{"line":4,"column":27},"end":{"line":9,"column":1}},"1":{"start":{"line":5,"column":2},"end":{"line":8,"column":12}},"2":{"start":{"line":13,"column":26},"end":{"line":16,"column":1}},"3":{"start":{"line":18,"column":21},"end":{"line":20,"column":1}},"4":{"start":{"line":22,"column":16},"end":{"line":25,"column":1}}},"fnMap":{"0":{"name":"(anonymous_0)","decl":{"start":{"line":4,"column":27},"end":{"line":4,"column":28}},"loc":{"start":{"line":5,"column":2},"end":{"line":8,"column":12}},"line":5}},"branchMap":{},"s":{"0":1,"1":0,"2":1,"3":1,"4":1},"f":{"0":0},"b":{},"_coverageSchema":"1a1c01bbd47fc00a2c39e90264f33305004495a9","hash":"823a14cdaa9ed174de39d7491ddc5e86ddb4a3f5"}
,"/Users/yr/hackreactor/fec/FEC-CATWALK/client/src/component/Overview/Product-Info/ProductName.jsx": {"path":"/Users/yr/hackreactor/fec/FEC-CATWALK/client/src/component/Overview/Product-Info/ProductName.jsx","statementMap":{"0":{"start":{"line":4,"column":20},"end":{"line":4,"column":79}},"1":{"start":{"line":4,"column":34},"end":{"line":4,"column":79}},"2":{"start":{"line":8,"column":26},"end":{"line":10,"column":1}}},"fnMap":{"0":{"name":"(anonymous_0)","decl":{"start":{"line":4,"column":20},"end":{"line":4,"column":21}},"loc":{"start":{"line":4,"column":34},"end":{"line":4,"column":79}},"line":4}},"branchMap":{},"s":{"0":1,"1":0,"2":1},"f":{"0":0},"b":{},"_coverageSchema":"1a1c01bbd47fc00a2c39e90264f33305004495a9","hash":"7673ad825749477a90a51427565c744f7acdb936"}
,"/Users/yr/hackreactor/fec/FEC-CATWALK/client/src/component/Overview/Styles/SelectedStyle.jsx": {"path":"/Users/yr/hackreactor/fec/FEC-CATWALK/client/src/component/Overview/Styles/SelectedStyle.jsx","statementMap":{"0":{"start":{"line":3,"column":22},"end":{"line":5,"column":1}},"1":{"start":{"line":4,"column":2},"end":{"line":4,"column":56}}},"fnMap":{"0":{"name":"(anonymous_0)","decl":{"start":{"line":3,"column":22},"end":{"line":3,"column":23}},"loc":{"start":{"line":3,"column":48},"end":{"line":5,"column":1}},"line":3}},"branchMap":{},"s":{"0":1,"1":0},"f":{"0":0},"b":{},"_coverageSchema":"1a1c01bbd47fc00a2c39e90264f33305004495a9","hash":"8dc425e32ba9927cb814f6343bc586b9cb80a9b4"}
,"/Users/yr/hackreactor/fec/FEC-CATWALK/client/src/component/Overview/Styles/Styles.jsx": {"path":"/Users/yr/hackreactor/fec/FEC-CATWALK/client/src/component/Overview/Styles/Styles.jsx","statementMap":{"0":{"start":{"line":5,"column":15},"end":{"line":22,"column":1}},"1":{"start":{"line":6,"column":14},"end":{"line":6,"column":15}},"2":{"start":{"line":8,"column":2},"end":{"line":21,"column":4}},"3":{"start":{"line":12,"column":10},"end":{"line":17,"column":12}},"4":{"start":{"line":26,"column":22},"end":{"line":32,"column":1}}},"fnMap":{"0":{"name":"(anonymous_0)","decl":{"start":{"line":5,"column":15},"end":{"line":5,"column":16}},"loc":{"start":{"line":5,"column":79},"end":{"line":22,"column":1}},"line":5},"1":{"name":"(anonymous_1)","decl":{"start":{"line":11,"column":27},"end":{"line":11,"column":28}},"loc":{"start":{"line":12,"column":10},"end":{"line":17,"column":12}},"line":12}},"branchMap":{},"s":{"0":1,"1":0,"2":0,"3":0,"4":1},"f":{"0":0,"1":0},"b":{},"_coverageSchema":"1a1c01bbd47fc00a2c39e90264f33305004495a9","hash":"ed00bd63d77d3b665d13d34fd735f13cdc79cdef"}
,"/Users/yr/hackreactor/fec/FEC-CATWALK/client/src/component/Overview/Styles/Thumbnails.jsx": {"path":"/Users/yr/hackreactor/fec/FEC-CATWALK/client/src/component/Overview/Styles/Thumbnails.jsx","statementMap":{"0":{"start":{"line":5,"column":19},"end":{"line":23,"column":1}},"1":{"start":{"line":11,"column":26},"end":{"line":11,"column":53}},"2":{"start":{"line":12,"column":2},"end":{"line":22,"column":4}},"3":{"start":{"line":15,"column":23},"end":{"line":15,"column":50}},"4":{"start":{"line":27,"column":24},"end":{"line":36,"column":1}},"5":{"start":{"line":29,"column":37},"end":{"line":29,"column":51}},"6":{"start":{"line":38,"column":19},"end":{"line":45,"column":1}}},"fnMap":{"0":{"name":"(anonymous_0)","decl":{"start":{"line":5,"column":19},"end":{"line":5,"column":20}},"loc":{"start":{"line":10,"column":6},"end":{"line":23,"column":1}},"line":10},"1":{"name":"(anonymous_1)","decl":{"start":{"line":15,"column":17},"end":{"line":15,"column":18}},"loc":{"start":{"line":15,"column":23},"end":{"line":15,"column":50}},"line":15},"2":{"name":"(anonymous_2)","decl":{"start":{"line":29,"column":26},"end":{"line":29,"column":27}},"loc":{"start":{"line":29,"column":37},"end":{"line":29,"column":51}},"line":29}},"branchMap":{"0":{"loc":{"start":{"line":19,"column":9},"end":{"line":19,"column":42}},"type":"binary-expr","locations":[{"start":{"line":19,"column":9},"end":{"line":19,"column":24}},{"start":{"line":19,"column":28},"end":{"line":19,"column":42}}],"line":19}},"s":{"0":1,"1":0,"2":0,"3":0,"4":1,"5":0,"6":1},"f":{"0":0,"1":0,"2":0},"b":{"0":[0,0]},"_coverageSchema":"1a1c01bbd47fc00a2c39e90264f33305004495a9","hash":"4f9c0a9d1bbc1d82a33567c4e146ad415cd1d8dd"}
,"/Users/yr/hackreactor/fec/FEC-CATWALK/client/src/component/qa/AddAnswer.jsx": {"path":"/Users/yr/hackreactor/fec/FEC-CATWALK/client/src/component/qa/AddAnswer.jsx","statementMap":{"0":{"start":{"line":5,"column":18},"end":{"line":13,"column":1}},"1":{"start":{"line":15,"column":14},"end":{"line":29,"column":1}},"2":{"start":{"line":31,"column":20},"end":{"line":41,"column":1}},"3":{"start":{"line":43,"column":18},"end":{"line":45,"column":1}},"4":{"start":{"line":47,"column":14},"end":{"line":49,"column":1}},"5":{"start":{"line":51,"column":17},"end":{"line":53,"column":1}},"6":{"start":{"line":55,"column":21},"end":{"line":58,"column":1}},"7":{"start":{"line":60,"column":18},"end":{"line":62,"column":1}},"8":{"start":{"line":64,"column":25},"end":{"line":67,"column":1}},"9":{"start":{"line":69,"column":19},"end":{"line":72,"column":1}},"10":{"start":{"line":74,"column":21},"end":{"line":76,"column":1}},"11":{"start":{"line":78,"column":20},"end":{"line":81,"column":1}},"12":{"start":{"line":83,"column":20},"end":{"line":87,"column":1}},"13":{"start":{"line":89,"column":18},"end":{"line":169,"column":1}},"14":{"start":{"line":90,"column":26},"end":{"line":90,"column":41}},"15":{"start":{"line":91,"column":30},"end":{"line":91,"column":42}},"16":{"start":{"line":92,"column":26},"end":{"line":92,"column":38}},"17":{"start":{"line":93,"column":28},"end":{"line":93,"column":40}},"18":{"start":{"line":95,"column":22},"end":{"line":95,"column":42}},"19":{"start":{"line":95,"column":28},"end":{"line":95,"column":42}},"20":{"start":{"line":96,"column":21},"end":{"line":96,"column":40}},"21":{"start":{"line":96,"column":27},"end":{"line":96,"column":40}},"22":{"start":{"line":98,"column":24},"end":{"line":101,"column":3}},"23":{"start":{"line":99,"column":15},"end":{"line":99,"column":29}},"24":{"start":{"line":100,"column":4},"end":{"line":100,"column":28}},"25":{"start":{"line":103,"column":27},"end":{"line":112,"column":3}},"26":{"start":{"line":104,"column":4},"end":{"line":104,"column":27}},"27":{"start":{"line":105,"column":4},"end":{"line":111,"column":5}},"28":{"start":{"line":106,"column":6},"end":{"line":106,"column":36}},"29":{"start":{"line":107,"column":11},"end":{"line":111,"column":5}},"30":{"start":{"line":108,"column":6},"end":{"line":108,"column":34}},"31":{"start":{"line":109,"column":11},"end":{"line":111,"column":5}},"32":{"start":{"line":110,"column":6},"end":{"line":110,"column":35}},"33":{"start":{"line":113,"column":22},"end":{"line":121,"column":3}},"34":{"start":{"line":114,"column":22},"end":{"line":118,"column":5}},"35":{"start":{"line":119,"column":4},"end":{"line":120,"column":68}},"36":{"start":{"line":120,"column":24},"end":{"line":120,"column":64}},"37":{"start":{"line":123,"column":2},"end":{"line":168,"column":4}},"38":{"start":{"line":146,"column":97},"end":{"line":146,"column":116}},"39":{"start":{"line":148,"column":119},"end":{"line":148,"column":138}},"40":{"start":{"line":153,"column":122},"end":{"line":153,"column":141}}},"fnMap":{"0":{"name":"(anonymous_0)","decl":{"start":{"line":89,"column":18},"end":{"line":89,"column":19}},"loc":{"start":{"line":89,"column":65},"end":{"line":169,"column":1}},"line":89},"1":{"name":"(anonymous_1)","decl":{"start":{"line":95,"column":22},"end":{"line":95,"column":23}},"loc":{"start":{"line":95,"column":28},"end":{"line":95,"column":42}},"line":95},"2":{"name":"(anonymous_2)","decl":{"start":{"line":96,"column":21},"end":{"line":96,"column":22}},"loc":{"start":{"line":96,"column":27},"end":{"line":96,"column":40}},"line":96},"3":{"name":"(anonymous_3)","decl":{"start":{"line":98,"column":24},"end":{"line":98,"column":25}},"loc":{"start":{"line":98,"column":37},"end":{"line":101,"column":3}},"line":98},"4":{"name":"(anonymous_4)","decl":{"start":{"line":103,"column":27},"end":{"line":103,"column":28}},"loc":{"start":{"line":103,"column":38},"end":{"line":112,"column":3}},"line":103},"5":{"name":"(anonymous_5)","decl":{"start":{"line":113,"column":22},"end":{"line":113,"column":23}},"loc":{"start":{"line":113,"column":28},"end":{"line":121,"column":3}},"line":113},"6":{"name":"(anonymous_6)","decl":{"start":{"line":119,"column":103},"end":{"line":119,"column":104}},"loc":{"start":{"line":119,"column":109},"end":{"line":120,"column":5}},"line":119},"7":{"name":"(anonymous_7)","decl":{"start":{"line":120,"column":13},"end":{"line":120,"column":14}},"loc":{"start":{"line":120,"column":22},"end":{"line":120,"column":66}},"line":120},"8":{"name":"(anonymous_8)","decl":{"start":{"line":146,"column":88},"end":{"line":146,"column":89}},"loc":{"start":{"line":146,"column":95},"end":{"line":146,"column":118}},"line":146},"9":{"name":"(anonymous_9)","decl":{"start":{"line":148,"column":110},"end":{"line":148,"column":111}},"loc":{"start":{"line":148,"column":117},"end":{"line":148,"column":140}},"line":148},"10":{"name":"(anonymous_10)","decl":{"start":{"line":153,"column":113},"end":{"line":153,"column":114}},"loc":{"start":{"line":153,"column":120},"end":{"line":153,"column":143}},"line":153}},"branchMap":{"0":{"loc":{"start":{"line":105,"column":4},"end":{"line":111,"column":5}},"type":"if","locations":[{"start":{"line":105,"column":4},"end":{"line":111,"column":5}},{"start":{"line":107,"column":11},"end":{"line":111,"column":5}}],"line":105},"1":{"loc":{"start":{"line":107,"column":11},"end":{"line":111,"column":5}},"type":"if","locations":[{"start":{"line":107,"column":11},"end":{"line":111,"column":5}},{"start":{"line":109,"column":11},"end":{"line":111,"column":5}}],"line":107},"2":{"loc":{"start":{"line":109,"column":11},"end":{"line":111,"column":5}},"type":"if","locations":[{"start":{"line":109,"column":11},"end":{"line":111,"column":5}},{"start":{},"end":{}}],"line":109},"3":{"loc":{"start":{"line":109,"column":15},"end":{"line":109,"column":81}},"type":"binary-expr","locations":[{"start":{"line":109,"column":15},"end":{"line":109,"column":44}},{"start":{"line":109,"column":48},"end":{"line":109,"column":81}}],"line":109},"4":{"loc":{"start":{"line":131,"column":7},"end":{"line":166,"column":14}},"type":"cond-expr","locations":[{"start":{"line":133,"column":10},"end":{"line":164,"column":22}},{"start":{"line":166,"column":10},"end":{"line":166,"column":14}}],"line":131},"5":{"loc":{"start":{"line":143,"column":17},"end":{"line":144,"column":86}},"type":"cond-expr","locations":[{"start":{"line":144,"column":20},"end":{"line":144,"column":79}},{"start":{"line":144,"column":82},"end":{"line":144,"column":86}}],"line":143},"6":{"loc":{"start":{"line":143,"column":17},"end":{"line":143,"column":76}},"type":"binary-expr","locations":[{"start":{"line":143,"column":17},"end":{"line":143,"column":35}},{"start":{"line":143,"column":39},"end":{"line":143,"column":55}},{"start":{"line":143,"column":59},"end":{"line":143,"column":76}}],"line":143}},"s":{"0":2,"1":2,"2":2,"3":2,"4":2,"5":2,"6":2,"7":2,"8":2,"9":2,"10":2,"11":2,"12":2,"13":2,"14":2,"15":2,"16":2,"17":2,"18":2,"19":0,"20":2,"21":0,"22":2,"23":0,"24":0,"25":2,"26":0,"27":0,"28":0,"29":0,"30":0,"31":0,"32":0,"33":2,"34":0,"35":0,"36":0,"37":2,"38":0,"39":0,"40":0},"f":{"0":2,"1":0,"2":0,"3":0,"4":0,"5":0,"6":0,"7":0,"8":0,"9":0,"10":0},"b":{"0":[0,0],"1":[0,0],"2":[0,0],"3":[0,0],"4":[0,2],"5":[0,0],"6":[0,0,0]},"_coverageSchema":"1a1c01bbd47fc00a2c39e90264f33305004495a9","hash":"e75e2a7de442e5d29b03f145b3c097c89cdd74f0"}
,"/Users/yr/hackreactor/fec/FEC-CATWALK/client/src/component/qa/AddQuestion.jsx": {"path":"/Users/yr/hackreactor/fec/FEC-CATWALK/client/src/component/qa/AddQuestion.jsx","statementMap":{"0":{"start":{"line":5,"column":18},"end":{"line":13,"column":1}},"1":{"start":{"line":15,"column":14},"end":{"line":29,"column":1}},"2":{"start":{"line":31,"column":18},"end":{"line":43,"column":1}},"3":{"start":{"line":45,"column":18},"end":{"line":47,"column":1}},"4":{"start":{"line":49,"column":14},"end":{"line":51,"column":1}},"5":{"start":{"line":53,"column":17},"end":{"line":55,"column":1}},"6":{"start":{"line":57,"column":21},"end":{"line":60,"column":1}},"7":{"start":{"line":62,"column":26},"end":{"line":64,"column":1}},"8":{"start":{"line":66,"column":27},"end":{"line":69,"column":1}},"9":{"start":{"line":71,"column":19},"end":{"line":74,"column":1}},"10":{"start":{"line":76,"column":20},"end":{"line":79,"column":1}},"11":{"start":{"line":81,"column":20},"end":{"line":85,"column":1}},"12":{"start":{"line":87,"column":21},"end":{"line":89,"column":1}},"13":{"start":{"line":91,"column":20},"end":{"line":187,"column":1}},"14":{"start":{"line":92,"column":26},"end":{"line":92,"column":41}},"15":{"start":{"line":93,"column":40},"end":{"line":93,"column":52}},"16":{"start":{"line":94,"column":34},"end":{"line":94,"column":46}},"17":{"start":{"line":95,"column":26},"end":{"line":95,"column":38}},"18":{"start":{"line":96,"column":28},"end":{"line":96,"column":40}},"19":{"start":{"line":98,"column":22},"end":{"line":98,"column":42}},"20":{"start":{"line":98,"column":28},"end":{"line":98,"column":42}},"21":{"start":{"line":99,"column":21},"end":{"line":99,"column":40}},"22":{"start":{"line":99,"column":27},"end":{"line":99,"column":40}},"23":{"start":{"line":101,"column":2},"end":{"line":107,"column":7}},"24":{"start":{"line":103,"column":6},"end":{"line":103,"column":41}},"25":{"start":{"line":106,"column":6},"end":{"line":106,"column":16}},"26":{"start":{"line":109,"column":24},"end":{"line":112,"column":3}},"27":{"start":{"line":110,"column":15},"end":{"line":110,"column":29}},"28":{"start":{"line":111,"column":4},"end":{"line":111,"column":28}},"29":{"start":{"line":114,"column":29},"end":{"line":123,"column":3}},"30":{"start":{"line":115,"column":4},"end":{"line":115,"column":27}},"31":{"start":{"line":116,"column":4},"end":{"line":122,"column":5}},"32":{"start":{"line":117,"column":6},"end":{"line":117,"column":38}},"33":{"start":{"line":118,"column":11},"end":{"line":122,"column":5}},"34":{"start":{"line":119,"column":6},"end":{"line":119,"column":34}},"35":{"start":{"line":120,"column":11},"end":{"line":122,"column":5}},"36":{"start":{"line":121,"column":6},"end":{"line":121,"column":35}},"37":{"start":{"line":125,"column":24},"end":{"line":135,"column":3}},"38":{"start":{"line":126,"column":24},"end":{"line":131,"column":5}},"39":{"start":{"line":133,"column":4},"end":{"line":134,"column":68}},"40":{"start":{"line":134,"column":24},"end":{"line":134,"column":64}},"41":{"start":{"line":137,"column":2},"end":{"line":186,"column":4}},"42":{"start":{"line":158,"column":152},"end":{"line":158,"column":173}},"43":{"start":{"line":162,"column":121},"end":{"line":162,"column":142}},"44":{"start":{"line":170,"column":118},"end":{"line":170,"column":139}}},"fnMap":{"0":{"name":"(anonymous_0)","decl":{"start":{"line":91,"column":20},"end":{"line":91,"column":21}},"loc":{"start":{"line":91,"column":39},"end":{"line":187,"column":1}},"line":91},"1":{"name":"(anonymous_1)","decl":{"start":{"line":98,"column":22},"end":{"line":98,"column":23}},"loc":{"start":{"line":98,"column":28},"end":{"line":98,"column":42}},"line":98},"2":{"name":"(anonymous_2)","decl":{"start":{"line":99,"column":21},"end":{"line":99,"column":22}},"loc":{"start":{"line":99,"column":27},"end":{"line":99,"column":40}},"line":99},"3":{"name":"(anonymous_3)","decl":{"start":{"line":102,"column":10},"end":{"line":102,"column":11}},"loc":{"start":{"line":102,"column":24},"end":{"line":104,"column":5}},"line":102},"4":{"name":"(anonymous_4)","decl":{"start":{"line":105,"column":11},"end":{"line":105,"column":12}},"loc":{"start":{"line":105,"column":20},"end":{"line":107,"column":5}},"line":105},"5":{"name":"(anonymous_5)","decl":{"start":{"line":109,"column":24},"end":{"line":109,"column":25}},"loc":{"start":{"line":109,"column":37},"end":{"line":112,"column":3}},"line":109},"6":{"name":"(anonymous_6)","decl":{"start":{"line":114,"column":29},"end":{"line":114,"column":30}},"loc":{"start":{"line":114,"column":40},"end":{"line":123,"column":3}},"line":114},"7":{"name":"(anonymous_7)","decl":{"start":{"line":125,"column":24},"end":{"line":125,"column":25}},"loc":{"start":{"line":125,"column":30},"end":{"line":135,"column":3}},"line":125},"8":{"name":"(anonymous_8)","decl":{"start":{"line":133,"column":71},"end":{"line":133,"column":72}},"loc":{"start":{"line":133,"column":77},"end":{"line":134,"column":5}},"line":133},"9":{"name":"(anonymous_9)","decl":{"start":{"line":134,"column":13},"end":{"line":134,"column":14}},"loc":{"start":{"line":134,"column":22},"end":{"line":134,"column":66}},"line":134},"10":{"name":"(anonymous_10)","decl":{"start":{"line":158,"column":143},"end":{"line":158,"column":144}},"loc":{"start":{"line":158,"column":150},"end":{"line":158,"column":175}},"line":158},"11":{"name":"(anonymous_11)","decl":{"start":{"line":162,"column":112},"end":{"line":162,"column":113}},"loc":{"start":{"line":162,"column":119},"end":{"line":162,"column":144}},"line":162},"12":{"name":"(anonymous_12)","decl":{"start":{"line":170,"column":109},"end":{"line":170,"column":110}},"loc":{"start":{"line":170,"column":116},"end":{"line":170,"column":141}},"line":170}},"branchMap":{"0":{"loc":{"start":{"line":116,"column":4},"end":{"line":122,"column":5}},"type":"if","locations":[{"start":{"line":116,"column":4},"end":{"line":122,"column":5}},{"start":{"line":118,"column":11},"end":{"line":122,"column":5}}],"line":116},"1":{"loc":{"start":{"line":118,"column":11},"end":{"line":122,"column":5}},"type":"if","locations":[{"start":{"line":118,"column":11},"end":{"line":122,"column":5}},{"start":{"line":120,"column":11},"end":{"line":122,"column":5}}],"line":118},"2":{"loc":{"start":{"line":120,"column":11},"end":{"line":122,"column":5}},"type":"if","locations":[{"start":{"line":120,"column":11},"end":{"line":122,"column":5}},{"start":{},"end":{}}],"line":120},"3":{"loc":{"start":{"line":120,"column":15},"end":{"line":120,"column":81}},"type":"binary-expr","locations":[{"start":{"line":120,"column":15},"end":{"line":120,"column":44}},{"start":{"line":120,"column":48},"end":{"line":120,"column":81}}],"line":120},"4":{"loc":{"start":{"line":140,"column":7},"end":{"line":184,"column":14}},"type":"cond-expr","locations":[{"start":{"line":142,"column":10},"end":{"line":182,"column":22}},{"start":{"line":184,"column":10},"end":{"line":184,"column":14}}],"line":140},"5":{"loc":{"start":{"line":153,"column":17},"end":{"line":154,"column":86}},"type":"cond-expr","locations":[{"start":{"line":154,"column":20},"end":{"line":154,"column":79}},{"start":{"line":154,"column":82},"end":{"line":154,"column":86}}],"line":153},"6":{"loc":{"start":{"line":153,"column":17},"end":{"line":153,"column":78}},"type":"binary-expr","locations":[{"start":{"line":153,"column":17},"end":{"line":153,"column":37}},{"start":{"line":153,"column":41},"end":{"line":153,"column":57}},{"start":{"line":153,"column":61},"end":{"line":153,"column":78}}],"line":153}},"s":{"0":2,"1":2,"2":2,"3":2,"4":2,"5":2,"6":2,"7":2,"8":2,"9":2,"10":2,"11":2,"12":2,"13":2,"14":1,"15":1,"16":1,"17":1,"18":1,"19":1,"20":0,"21":1,"22":0,"23":1,"24":0,"25":0,"26":1,"27":0,"28":0,"29":1,"30":0,"31":0,"32":0,"33":0,"34":0,"35":0,"36":0,"37":1,"38":0,"39":0,"40":0,"41":1,"42":0,"43":0,"44":0},"f":{"0":1,"1":0,"2":0,"3":0,"4":0,"5":0,"6":0,"7":0,"8":0,"9":0,"10":0,"11":0,"12":0},"b":{"0":[0,0],"1":[0,0],"2":[0,0],"3":[0,0],"4":[0,1],"5":[0,0],"6":[0,0,0]},"_coverageSchema":"1a1c01bbd47fc00a2c39e90264f33305004495a9","hash":"44285a766a28ed8b353f17b746b1ae386a2b344c"}
,"/Users/yr/hackreactor/fec/FEC-CATWALK/client/src/component/qa/Answer.jsx": {"path":"/Users/yr/hackreactor/fec/FEC-CATWALK/client/src/component/qa/Answer.jsx","statementMap":{"0":{"start":{"line":6,"column":20},"end":{"line":14,"column":1}},"1":{"start":{"line":16,"column":17},"end":{"line":18,"column":1}},"2":{"start":{"line":20,"column":18},"end":{"line":23,"column":1}},"3":{"start":{"line":25,"column":15},"end":{"line":80,"column":1}},"4":{"start":{"line":26,"column":33},"end":{"line":26,"column":48}},"5":{"start":{"line":27,"column":42},"end":{"line":27,"column":70}},"6":{"start":{"line":28,"column":33},"end":{"line":28,"column":48}},"7":{"start":{"line":29,"column":17},"end":{"line":29,"column":22}},"8":{"start":{"line":30,"column":2},"end":{"line":32,"column":3}},"9":{"start":{"line":31,"column":4},"end":{"line":31,"column":20}},"10":{"start":{"line":34,"column":23},"end":{"line":46,"column":3}},"11":{"start":{"line":35,"column":4},"end":{"line":35,"column":27}},"12":{"start":{"line":36,"column":4},"end":{"line":45,"column":5}},"13":{"start":{"line":37,"column":6},"end":{"line":40,"column":73}},"14":{"start":{"line":38,"column":8},"end":{"line":38,"column":42}},"15":{"start":{"line":39,"column":8},"end":{"line":39,"column":26}},"16":{"start":{"line":40,"column":24},"end":{"line":40,"column":71}},"17":{"start":{"line":41,"column":11},"end":{"line":45,"column":5}},"18":{"start":{"line":42,"column":6},"end":{"line":44,"column":72}},"19":{"start":{"line":43,"column":8},"end":{"line":43,"column":25}},"20":{"start":{"line":44,"column":24},"end":{"line":44,"column":70}},"21":{"start":{"line":48,"column":2},"end":{"line":79,"column":4}}},"fnMap":{"0":{"name":"(anonymous_0)","decl":{"start":{"line":25,"column":15},"end":{"line":25,"column":16}},"loc":{"start":{"line":25,"column":31},"end":{"line":80,"column":1}},"line":25},"1":{"name":"(anonymous_1)","decl":{"start":{"line":34,"column":23},"end":{"line":34,"column":24}},"loc":{"start":{"line":34,"column":34},"end":{"line":46,"column":3}},"line":34},"2":{"name":"(anonymous_2)","decl":{"start":{"line":37,"column":88},"end":{"line":37,"column":89}},"loc":{"start":{"line":37,"column":94},"end":{"line":40,"column":7}},"line":37},"3":{"name":"(anonymous_3)","decl":{"start":{"line":40,"column":15},"end":{"line":40,"column":16}},"loc":{"start":{"line":40,"column":24},"end":{"line":40,"column":71}},"line":40},"4":{"name":"(anonymous_4)","decl":{"start":{"line":42,"column":87},"end":{"line":42,"column":88}},"loc":{"start":{"line":42,"column":93},"end":{"line":44,"column":7}},"line":42},"5":{"name":"(anonymous_5)","decl":{"start":{"line":44,"column":15},"end":{"line":44,"column":16}},"loc":{"start":{"line":44,"column":24},"end":{"line":44,"column":70}},"line":44}},"branchMap":{"0":{"loc":{"start":{"line":30,"column":2},"end":{"line":32,"column":3}},"type":"if","locations":[{"start":{"line":30,"column":2},"end":{"line":32,"column":3}},{"start":{},"end":{}}],"line":30},"1":{"loc":{"start":{"line":36,"column":4},"end":{"line":45,"column":5}},"type":"if","locations":[{"start":{"line":36,"column":4},"end":{"line":45,"column":5}},{"start":{"line":41,"column":11},"end":{"line":45,"column":5}}],"line":36},"2":{"loc":{"start":{"line":36,"column":8},"end":{"line":36,"column":51}},"type":"binary-expr","locations":[{"start":{"line":36,"column":8},"end":{"line":36,"column":16}},{"start":{"line":36,"column":20},"end":{"line":36,"column":51}}],"line":36},"3":{"loc":{"start":{"line":41,"column":11},"end":{"line":45,"column":5}},"type":"if","locations":[{"start":{"line":41,"column":11},"end":{"line":45,"column":5}},{"start":{},"end":{}}],"line":41},"4":{"loc":{"start":{"line":41,"column":15},"end":{"line":41,"column":58}},"type":"binary-expr","locations":[{"start":{"line":41,"column":15},"end":{"line":41,"column":24}},{"start":{"line":41,"column":28},"end":{"line":41,"column":58}}],"line":41},"5":{"loc":{"start":{"line":61,"column":9},"end":{"line":61,"column":56}},"type":"cond-expr","locations":[{"start":{"line":61,"column":20},"end":{"line":61,"column":33}},{"start":{"line":61,"column":36},"end":{"line":61,"column":56}}],"line":61},"6":{"loc":{"start":{"line":74,"column":9},"end":{"line":75,"column":84}},"type":"cond-expr","locations":[{"start":{"line":74,"column":20},"end":{"line":74,"column":30}},{"start":{"line":75,"column":12},"end":{"line":75,"column":84}}],"line":74}},"s":{"0":2,"1":2,"2":2,"3":2,"4":3,"5":3,"6":3,"7":3,"8":3,"9":2,"10":3,"11":0,"12":0,"13":0,"14":0,"15":0,"16":0,"17":0,"18":0,"19":0,"20":0,"21":3},"f":{"0":3,"1":0,"2":0,"3":0,"4":0,"5":0},"b":{"0":[2,1],"1":[0,0],"2":[0,0],"3":[0,0],"4":[0,0],"5":[2,1],"6":[0,3]},"_coverageSchema":"1a1c01bbd47fc00a2c39e90264f33305004495a9","hash":"3b05543a00d1b28758ccd522251e313950952d26"}
,"/Users/yr/hackreactor/fec/FEC-CATWALK/client/src/component/qa/List.jsx": {"path":"/Users/yr/hackreactor/fec/FEC-CATWALK/client/src/component/qa/List.jsx","statementMap":{"0":{"start":{"line":8,"column":14},"end":{"line":8,"column":30}},"1":{"start":{"line":10,"column":18},"end":{"line":14,"column":1}},"2":{"start":{"line":16,"column":17},"end":{"line":19,"column":1}},"3":{"start":{"line":21,"column":28},"end":{"line":33,"column":1}},"4":{"start":{"line":35,"column":13},"end":{"line":107,"column":1}},"5":{"start":{"line":36,"column":24},"end":{"line":36,"column":50}},"6":{"start":{"line":37,"column":35},"end":{"line":37,"column":47}},"7":{"start":{"line":38,"column":46},"end":{"line":38,"column":57}},"8":{"start":{"line":39,"column":47},"end":{"line":39,"column":62}},"9":{"start":{"line":40,"column":32},"end":{"line":40,"column":47}},"10":{"start":{"line":41,"column":51},"end":{"line":41,"column":63}},"11":{"start":{"line":43,"column":17},"end":{"line":47,"column":3}},"12":{"start":{"line":49,"column":18},"end":{"line":55,"column":3}},"13":{"start":{"line":50,"column":4},"end":{"line":54,"column":37}},"14":{"start":{"line":52,"column":8},"end":{"line":52,"column":86}},"15":{"start":{"line":52,"column":53},"end":{"line":52,"column":82}},"16":{"start":{"line":54,"column":23},"end":{"line":54,"column":33}},"17":{"start":{"line":57,"column":2},"end":{"line":59,"column":18}},"18":{"start":{"line":58,"column":4},"end":{"line":58,"column":14}},"19":{"start":{"line":61,"column":30},"end":{"line":68,"column":3}},"20":{"start":{"line":62,"column":4},"end":{"line":66,"column":5}},"21":{"start":{"line":63,"column":6},"end":{"line":63,"column":27}},"22":{"start":{"line":65,"column":6},"end":{"line":65,"column":42}},"23":{"start":{"line":67,"column":4},"end":{"line":67,"column":40}},"24":{"start":{"line":70,"column":23},"end":{"line":80,"column":3}},"25":{"start":{"line":71,"column":4},"end":{"line":71,"column":27}},"26":{"start":{"line":72,"column":4},"end":{"line":79,"column":5}},"27":{"start":{"line":73,"column":6},"end":{"line":73,"column":22}},"28":{"start":{"line":74,"column":6},"end":{"line":76,"column":9}},"29":{"start":{"line":75,"column":15},"end":{"line":75,"column":87}},"30":{"start":{"line":78,"column":6},"end":{"line":78,"column":23}},"31":{"start":{"line":82,"column":2},"end":{"line":106,"column":4}},"32":{"start":{"line":93,"column":12},"end":{"line":93,"column":79}},"33":{"start":{"line":95,"column":12},"end":{"line":95,"column":79}}},"fnMap":{"0":{"name":"(anonymous_0)","decl":{"start":{"line":35,"column":13},"end":{"line":35,"column":14}},"loc":{"start":{"line":35,"column":19},"end":{"line":107,"column":1}},"line":35},"1":{"name":"(anonymous_1)","decl":{"start":{"line":49,"column":18},"end":{"line":49,"column":19}},"loc":{"start":{"line":49,"column":24},"end":{"line":55,"column":3}},"line":49},"2":{"name":"(anonymous_2)","decl":{"start":{"line":51,"column":6},"end":{"line":51,"column":7}},"loc":{"start":{"line":51,"column":15},"end":{"line":53,"column":7}},"line":51},"3":{"name":"(anonymous_3)","decl":{"start":{"line":52,"column":42},"end":{"line":52,"column":43}},"loc":{"start":{"line":52,"column":53},"end":{"line":52,"column":82}},"line":52},"4":{"name":"(anonymous_4)","decl":{"start":{"line":54,"column":12},"end":{"line":54,"column":13}},"loc":{"start":{"line":54,"column":21},"end":{"line":54,"column":35}},"line":54},"5":{"name":"(anonymous_5)","decl":{"start":{"line":57,"column":12},"end":{"line":57,"column":13}},"loc":{"start":{"line":57,"column":18},"end":{"line":59,"column":3}},"line":57},"6":{"name":"(anonymous_6)","decl":{"start":{"line":61,"column":30},"end":{"line":61,"column":31}},"loc":{"start":{"line":61,"column":36},"end":{"line":68,"column":3}},"line":61},"7":{"name":"(anonymous_7)","decl":{"start":{"line":70,"column":23},"end":{"line":70,"column":24}},"loc":{"start":{"line":70,"column":34},"end":{"line":80,"column":3}},"line":70},"8":{"name":"(anonymous_8)","decl":{"start":{"line":75,"column":8},"end":{"line":75,"column":9}},"loc":{"start":{"line":75,"column":15},"end":{"line":75,"column":87}},"line":75},"9":{"name":"(anonymous_9)","decl":{"start":{"line":92,"column":69},"end":{"line":92,"column":70}},"loc":{"start":{"line":93,"column":12},"end":{"line":93,"column":79}},"line":93},"10":{"name":"(anonymous_10)","decl":{"start":{"line":94,"column":54},"end":{"line":94,"column":55}},"loc":{"start":{"line":95,"column":12},"end":{"line":95,"column":79}},"line":95}},"branchMap":{"0":{"loc":{"start":{"line":62,"column":4},"end":{"line":66,"column":5}},"type":"if","locations":[{"start":{"line":62,"column":4},"end":{"line":66,"column":5}},{"start":{"line":64,"column":11},"end":{"line":66,"column":5}}],"line":62},"1":{"loc":{"start":{"line":72,"column":4},"end":{"line":79,"column":5}},"type":"if","locations":[{"start":{"line":72,"column":4},"end":{"line":79,"column":5}},{"start":{"line":77,"column":11},"end":{"line":79,"column":5}}],"line":72},"2":{"loc":{"start":{"line":92,"column":11},"end":{"line":96,"column":12}},"type":"cond-expr","locations":[{"start":{"line":92,"column":22},"end":{"line":94,"column":12}},{"start":{"line":94,"column":15},"end":{"line":96,"column":12}}],"line":92},"3":{"loc":{"start":{"line":100,"column":11},"end":{"line":100,"column":174}},"type":"cond-expr","locations":[{"start":{"line":100,"column":34},"end":{"line":100,"column":167}},{"start":{"line":100,"column":170},"end":{"line":100,"column":174}}],"line":100},"4":{"loc":{"start":{"line":100,"column":86},"end":{"line":100,"column":144}},"type":"cond-expr","locations":[{"start":{"line":100,"column":105},"end":{"line":100,"column":116}},{"start":{"line":100,"column":119},"end":{"line":100,"column":144}}],"line":100}},"s":{"0":2,"1":2,"2":2,"3":2,"4":2,"5":1,"6":1,"7":1,"8":1,"9":1,"10":1,"11":1,"12":1,"13":1,"14":0,"15":0,"16":0,"17":1,"18":1,"19":1,"20":0,"21":0,"22":0,"23":0,"24":1,"25":0,"26":0,"27":0,"28":0,"29":0,"30":0,"31":1,"32":0,"33":0},"f":{"0":1,"1":1,"2":0,"3":0,"4":0,"5":1,"6":0,"7":0,"8":0,"9":0,"10":0},"b":{"0":[0,0],"1":[0,0],"2":[0,1],"3":[0,1],"4":[0,0]},"_coverageSchema":"1a1c01bbd47fc00a2c39e90264f33305004495a9","hash":"e723e961404ee1f27c81c5c470f852d5dd0af649"}
,"/Users/yr/hackreactor/fec/FEC-CATWALK/client/src/component/qa/Question.jsx": {"path":"/Users/yr/hackreactor/fec/FEC-CATWALK/client/src/component/qa/Question.jsx","statementMap":{"0":{"start":{"line":7,"column":20},"end":{"line":15,"column":1}},"1":{"start":{"line":17,"column":17},"end":{"line":19,"column":1}},"2":{"start":{"line":21,"column":18},"end":{"line":24,"column":1}},"3":{"start":{"line":26,"column":26},"end":{"line":37,"column":1}},"4":{"start":{"line":39,"column":17},"end":{"line":151,"column":1}},"5":{"start":{"line":40,"column":37},"end":{"line":40,"column":48}},"6":{"start":{"line":41,"column":43},"end":{"line":41,"column":58}},"7":{"start":{"line":43,"column":33},"end":{"line":43,"column":48}},"8":{"start":{"line":44,"column":42},"end":{"line":44,"column":81}},"9":{"start":{"line":45,"column":33},"end":{"line":45,"column":48}},"10":{"start":{"line":46,"column":30},"end":{"line":46,"column":57}},"11":{"start":{"line":48,"column":40},"end":{"line":48,"column":52}},"12":{"start":{"line":50,"column":21},"end":{"line":50,"column":74}},"13":{"start":{"line":50,"column":67},"end":{"line":50,"column":73}},"14":{"start":{"line":52,"column":24},"end":{"line":59,"column":4}},"15":{"start":{"line":52,"column":51},"end":{"line":52,"column":80}},"16":{"start":{"line":53,"column":4},"end":{"line":55,"column":5}},"17":{"start":{"line":54,"column":6},"end":{"line":54,"column":16}},"18":{"start":{"line":55,"column":6},"end":{"line":57,"column":5}},"19":{"start":{"line":56,"column":6},"end":{"line":56,"column":15}},"20":{"start":{"line":58,"column":4},"end":{"line":58,"column":13}},"21":{"start":{"line":61,"column":28},"end":{"line":68,"column":3}},"22":{"start":{"line":62,"column":4},"end":{"line":66,"column":5}},"23":{"start":{"line":63,"column":6},"end":{"line":63,"column":25}},"24":{"start":{"line":65,"column":6},"end":{"line":65,"column":44}},"25":{"start":{"line":67,"column":4},"end":{"line":67,"column":36}},"26":{"start":{"line":70,"column":23},"end":{"line":83,"column":3}},"27":{"start":{"line":71,"column":4},"end":{"line":71,"column":27}},"28":{"start":{"line":72,"column":4},"end":{"line":82,"column":5}},"29":{"start":{"line":73,"column":6},"end":{"line":76,"column":75}},"30":{"start":{"line":74,"column":8},"end":{"line":74,"column":42}},"31":{"start":{"line":75,"column":8},"end":{"line":75,"column":26}},"32":{"start":{"line":76,"column":24},"end":{"line":76,"column":73}},"33":{"start":{"line":77,"column":11},"end":{"line":82,"column":5}},"34":{"start":{"line":78,"column":6},"end":{"line":81,"column":74}},"35":{"start":{"line":79,"column":8},"end":{"line":79,"column":25}},"36":{"start":{"line":80,"column":8},"end":{"line":80,"column":27}},"37":{"start":{"line":81,"column":24},"end":{"line":81,"column":72}},"38":{"start":{"line":85,"column":2},"end":{"line":91,"column":7}},"39":{"start":{"line":87,"column":6},"end":{"line":87,"column":41}},"40":{"start":{"line":90,"column":6},"end":{"line":90,"column":16}},"41":{"start":{"line":93,"column":2},"end":{"line":150,"column":4}},"42":{"start":{"line":138,"column":55},"end":{"line":138,"column":91}}},"fnMap":{"0":{"name":"(anonymous_0)","decl":{"start":{"line":39,"column":17},"end":{"line":39,"column":18}},"loc":{"start":{"line":39,"column":46},"end":{"line":151,"column":1}},"line":39},"1":{"name":"(anonymous_1)","decl":{"start":{"line":50,"column":58},"end":{"line":50,"column":59}},"loc":{"start":{"line":50,"column":67},"end":{"line":50,"column":73}},"line":50},"2":{"name":"(anonymous_2)","decl":{"start":{"line":52,"column":40},"end":{"line":52,"column":41}},"loc":{"start":{"line":52,"column":51},"end":{"line":52,"column":80}},"line":52},"3":{"name":"(anonymous_3)","decl":{"start":{"line":52,"column":88},"end":{"line":52,"column":89}},"loc":{"start":{"line":52,"column":98},"end":{"line":59,"column":3}},"line":52},"4":{"name":"(anonymous_4)","decl":{"start":{"line":61,"column":28},"end":{"line":61,"column":29}},"loc":{"start":{"line":61,"column":34},"end":{"line":68,"column":3}},"line":61},"5":{"name":"(anonymous_5)","decl":{"start":{"line":70,"column":23},"end":{"line":70,"column":24}},"loc":{"start":{"line":70,"column":34},"end":{"line":83,"column":3}},"line":70},"6":{"name":"(anonymous_6)","decl":{"start":{"line":73,"column":103},"end":{"line":73,"column":104}},"loc":{"start":{"line":73,"column":109},"end":{"line":76,"column":7}},"line":73},"7":{"name":"(anonymous_7)","decl":{"start":{"line":76,"column":15},"end":{"line":76,"column":16}},"loc":{"start":{"line":76,"column":24},"end":{"line":76,"column":73}},"line":76},"8":{"name":"(anonymous_8)","decl":{"start":{"line":78,"column":102},"end":{"line":78,"column":103}},"loc":{"start":{"line":78,"column":108},"end":{"line":81,"column":7}},"line":78},"9":{"name":"(anonymous_9)","decl":{"start":{"line":81,"column":15},"end":{"line":81,"column":16}},"loc":{"start":{"line":81,"column":24},"end":{"line":81,"column":72}},"line":81},"10":{"name":"(anonymous_10)","decl":{"start":{"line":86,"column":10},"end":{"line":86,"column":11}},"loc":{"start":{"line":86,"column":24},"end":{"line":88,"column":5}},"line":86},"11":{"name":"(anonymous_11)","decl":{"start":{"line":89,"column":11},"end":{"line":89,"column":12}},"loc":{"start":{"line":89,"column":20},"end":{"line":91,"column":5}},"line":89},"12":{"name":"(anonymous_12)","decl":{"start":{"line":138,"column":45},"end":{"line":138,"column":46}},"loc":{"start":{"line":138,"column":55},"end":{"line":138,"column":91}},"line":138}},"branchMap":{"0":{"loc":{"start":{"line":53,"column":4},"end":{"line":55,"column":5}},"type":"if","locations":[{"start":{"line":53,"column":4},"end":{"line":55,"column":5}},{"start":{},"end":{}}],"line":53},"1":{"loc":{"start":{"line":55,"column":6},"end":{"line":57,"column":5}},"type":"if","locations":[{"start":{"line":55,"column":6},"end":{"line":57,"column":5}},{"start":{},"end":{}}],"line":55},"2":{"loc":{"start":{"line":62,"column":4},"end":{"line":66,"column":5}},"type":"if","locations":[{"start":{"line":62,"column":4},"end":{"line":66,"column":5}},{"start":{"line":64,"column":11},"end":{"line":66,"column":5}}],"line":62},"3":{"loc":{"start":{"line":72,"column":4},"end":{"line":82,"column":5}},"type":"if","locations":[{"start":{"line":72,"column":4},"end":{"line":82,"column":5}},{"start":{"line":77,"column":11},"end":{"line":82,"column":5}}],"line":72},"4":{"loc":{"start":{"line":72,"column":8},"end":{"line":72,"column":51}},"type":"binary-expr","locations":[{"start":{"line":72,"column":8},"end":{"line":72,"column":16}},{"start":{"line":72,"column":20},"end":{"line":72,"column":51}}],"line":72},"5":{"loc":{"start":{"line":77,"column":11},"end":{"line":82,"column":5}},"type":"if","locations":[{"start":{"line":77,"column":11},"end":{"line":82,"column":5}},{"start":{},"end":{}}],"line":77},"6":{"loc":{"start":{"line":77,"column":15},"end":{"line":77,"column":58}},"type":"binary-expr","locations":[{"start":{"line":77,"column":15},"end":{"line":77,"column":24}},{"start":{"line":77,"column":28},"end":{"line":77,"column":58}}],"line":77},"7":{"loc":{"start":{"line":119,"column":11},"end":{"line":129,"column":13}},"type":"cond-expr","locations":[{"start":{"line":119,"column":22},"end":{"line":119,"column":32}},{"start":{"line":121,"column":14},"end":{"line":128,"column":28}}],"line":119},"8":{"loc":{"start":{"line":142,"column":7},"end":{"line":148,"column":14}},"type":"cond-expr","locations":[{"start":{"line":143,"column":8},"end":{"line":147,"column":28}},{"start":{"line":148,"column":10},"end":{"line":148,"column":14}}],"line":142},"9":{"loc":{"start":{"line":146,"column":11},"end":{"line":146,"column":75}},"type":"cond-expr","locations":[{"start":{"line":146,"column":28},"end":{"line":146,"column":50}},{"start":{"line":146,"column":53},"end":{"line":146,"column":75}}],"line":146}},"s":{"0":2,"1":2,"2":2,"3":2,"4":2,"5":1,"6":1,"7":1,"8":1,"9":1,"10":1,"11":1,"12":1,"13":3,"14":1,"15":3,"16":4,"17":3,"18":1,"19":0,"20":1,"21":1,"22":0,"23":0,"24":0,"25":0,"26":1,"27":0,"28":0,"29":0,"30":0,"31":0,"32":0,"33":0,"34":0,"35":0,"36":0,"37":0,"38":1,"39":0,"40":0,"41":1,"42":2},"f":{"0":1,"1":3,"2":3,"3":4,"4":0,"5":0,"6":0,"7":0,"8":0,"9":0,"10":0,"11":0,"12":2},"b":{"0":[3,1],"1":[0,1],"2":[0,0],"3":[0,0],"4":[0,0],"5":[0,0],"6":[0,0],"7":[0,1],"8":[1,0],"9":[0,1]},"_coverageSchema":"1a1c01bbd47fc00a2c39e90264f33305004495a9","hash":"a911b440de7d1463bc598fc98c81e447fba18d4f"}
,"/Users/yr/hackreactor/fec/FEC-CATWALK/client/src/component/qa/search.jsx": {"path":"/Users/yr/hackreactor/fec/FEC-CATWALK/client/src/component/qa/search.jsx","statementMap":{"0":{"start":{"line":4,"column":20},"end":{"line":11,"column":1}},"1":{"start":{"line":13,"column":15},"end":{"line":24,"column":1}},"2":{"start":{"line":14,"column":2},"end":{"line":23,"column":8}}},"fnMap":{"0":{"name":"(anonymous_0)","decl":{"start":{"line":13,"column":15},"end":{"line":13,"column":16}},"loc":{"start":{"line":14,"column":2},"end":{"line":23,"column":8}},"line":14}},"branchMap":{},"s":{"0":2,"1":2,"2":1},"f":{"0":1},"b":{},"_coverageSchema":"1a1c01bbd47fc00a2c39e90264f33305004495a9","hash":"31dca0303885f28534a15c991120f30a579d5b58"}
,"/Users/yr/hackreactor/fec/FEC-CATWALK/client/src/component/relateditems/CompareModal.jsx": {"path":"/Users/yr/hackreactor/fec/FEC-CATWALK/client/src/component/relateditems/CompareModal.jsx","statementMap":{"0":{"start":{"line":4,"column":22},"end":{"line":12,"column":1}},"1":{"start":{"line":14,"column":17},"end":{"line":27,"column":1}},"2":{"start":{"line":29,"column":25},"end":{"line":44,"column":1}},"3":{"start":{"line":46,"column":14},"end":{"line":53,"column":1}},"4":{"start":{"line":47,"column":2},"end":{"line":52,"column":18}},"5":{"start":{"line":49,"column":38},"end":{"line":49,"column":57}}},"fnMap":{"0":{"name":"(anonymous_0)","decl":{"start":{"line":46,"column":14},"end":{"line":46,"column":15}},"loc":{"start":{"line":47,"column":2},"end":{"line":52,"column":18}},"line":47},"1":{"name":"(anonymous_1)","decl":{"start":{"line":49,"column":33},"end":{"line":49,"column":34}},"loc":{"start":{"line":49,"column":37},"end":{"line":49,"column":58}},"line":49}},"branchMap":{},"s":{"0":1,"1":1,"2":1,"3":1,"4":0,"5":0},"f":{"0":0,"1":0},"b":{},"_coverageSchema":"1a1c01bbd47fc00a2c39e90264f33305004495a9","hash":"e4f15fa6970d688997b8cd48bfe34c0fa1e6e935"}
,"/Users/yr/hackreactor/fec/FEC-CATWALK/client/src/component/relateditems/RelatedItem.jsx": {"path":"/Users/yr/hackreactor/fec/FEC-CATWALK/client/src/component/relateditems/RelatedItem.jsx","statementMap":{"0":{"start":{"line":7,"column":15},"end":{"line":10,"column":1}},"1":{"start":{"line":12,"column":18},"end":{"line":35,"column":1}},"2":{"start":{"line":36,"column":21},"end":{"line":43,"column":1}},"3":{"start":{"line":45,"column":23},"end":{"line":51,"column":1}},"4":{"start":{"line":53,"column":18},"end":{"line":57,"column":1}},"5":{"start":{"line":59,"column":19},"end":{"line":66,"column":1}},"6":{"start":{"line":68,"column":30},"end":{"line":70,"column":1}},"7":{"start":{"line":72,"column":27},"end":{"line":87,"column":1}},"8":{"start":{"line":89,"column":20},"end":{"line":121,"column":1}},"9":{"start":{"line":90,"column":27},"end":{"line":90,"column":53}},"10":{"start":{"line":91,"column":28},"end":{"line":91,"column":43}},"11":{"start":{"line":93,"column":2},"end":{"line":120,"column":4}},"12":{"start":{"line":96,"column":32},"end":{"line":96,"column":59}},"13":{"start":{"line":117,"column":45},"end":{"line":117,"column":62}}},"fnMap":{"0":{"name":"(anonymous_0)","decl":{"start":{"line":89,"column":20},"end":{"line":89,"column":21}},"loc":{"start":{"line":89,"column":31},"end":{"line":121,"column":1}},"line":89},"1":{"name":"(anonymous_1)","decl":{"start":{"line":96,"column":28},"end":{"line":96,"column":29}},"loc":{"start":{"line":96,"column":32},"end":{"line":96,"column":59}},"line":96},"2":{"name":"(anonymous_2)","decl":{"start":{"line":117,"column":37},"end":{"line":117,"column":38}},"loc":{"start":{"line":117,"column":43},"end":{"line":117,"column":64}},"line":117}},"branchMap":{"0":{"loc":{"start":{"line":104,"column":15},"end":{"line":110,"column":15}},"type":"binary-expr","locations":[{"start":{"line":104,"column":15},"end":{"line":104,"column":36}},{"start":{"line":106,"column":14},"end":{"line":109,"column":20}}],"line":104},"1":{"loc":{"start":{"line":116,"column":9},"end":{"line":116,"column":78}},"type":"binary-expr","locations":[{"start":{"line":116,"column":9},"end":{"line":116,"column":14}},{"start":{"line":116,"column":18},"end":{"line":116,"column":78}}],"line":116}},"s":{"0":1,"1":1,"2":1,"3":1,"4":1,"5":1,"6":1,"7":1,"8":1,"9":0,"10":0,"11":0,"12":0,"13":0},"f":{"0":0,"1":0,"2":0},"b":{"0":[0,0],"1":[0,0]},"_coverageSchema":"1a1c01bbd47fc00a2c39e90264f33305004495a9","hash":"bd68dc770bdc307fc70af581db6af8f0f0120455"}
,"/Users/yr/hackreactor/fec/FEC-CATWALK/client/src/component/relateditems/RelatedItemsMenu.jsx": {"path":"/Users/yr/hackreactor/fec/FEC-CATWALK/client/src/component/relateditems/RelatedItemsMenu.jsx","statementMap":{"0":{"start":{"line":8,"column":15},"end":{"line":11,"column":1}},"1":{"start":{"line":13,"column":32},"end":{"line":25,"column":1}},"2":{"start":{"line":26,"column":22},"end":{"line":28,"column":1}},"3":{"start":{"line":29,"column":26},"end":{"line":31,"column":1}},"4":{"start":{"line":33,"column":23},"end":{"line":50,"column":1}},"5":{"start":{"line":52,"column":25},"end":{"line":116,"column":1}},"6":{"start":{"line":53,"column":39},"end":{"line":53,"column":51}},"7":{"start":{"line":54,"column":24},"end":{"line":54,"column":50}},"8":{"start":{"line":55,"column":33},"end":{"line":55,"column":45}},"9":{"start":{"line":56,"column":41},"end":{"line":56,"column":52}},"10":{"start":{"line":57,"column":45},"end":{"line":57,"column":61}},"11":{"start":{"line":59,"column":30},"end":{"line":70,"column":3}},"12":{"start":{"line":60,"column":4},"end":{"line":68,"column":5}},"13":{"start":{"line":61,"column":6},"end":{"line":65,"column":7}},"14":{"start":{"line":62,"column":8},"end":{"line":62,"column":44}},"15":{"start":{"line":64,"column":8},"end":{"line":64,"column":35}},"16":{"start":{"line":67,"column":6},"end":{"line":67,"column":69}},"17":{"start":{"line":69,"column":4},"end":{"line":69,"column":70}},"18":{"start":{"line":72,"column":29},"end":{"line":83,"column":3}},"19":{"start":{"line":73,"column":4},"end":{"line":81,"column":5}},"20":{"start":{"line":74,"column":6},"end":{"line":78,"column":7}},"21":{"start":{"line":75,"column":8},"end":{"line":75,"column":44}},"22":{"start":{"line":77,"column":8},"end":{"line":77,"column":57}},"23":{"start":{"line":80,"column":6},"end":{"line":80,"column":69}},"24":{"start":{"line":82,"column":4},"end":{"line":82,"column":70}},"25":{"start":{"line":85,"column":24},"end":{"line":91,"column":3}},"26":{"start":{"line":86,"column":4},"end":{"line":90,"column":5}},"27":{"start":{"line":87,"column":6},"end":{"line":87,"column":28}},"28":{"start":{"line":89,"column":6},"end":{"line":89,"column":27}},"29":{"start":{"line":93,"column":2},"end":{"line":103,"column":18}},"30":{"start":{"line":94,"column":4},"end":{"line":102,"column":7}},"31":{"start":{"line":99,"column":6},"end":{"line":99,"column":45}},"32":{"start":{"line":100,"column":6},"end":{"line":100,"column":44}},"33":{"start":{"line":101,"column":6},"end":{"line":101,"column":34}},"34":{"start":{"line":104,"column":2},"end":{"line":115,"column":4}},"35":{"start":{"line":109,"column":49},"end":{"line":109,"column":66}},"36":{"start":{"line":111,"column":30},"end":{"line":111,"column":73}}},"fnMap":{"0":{"name":"(anonymous_0)","decl":{"start":{"line":52,"column":25},"end":{"line":52,"column":26}},"loc":{"start":{"line":52,"column":31},"end":{"line":116,"column":1}},"line":52},"1":{"name":"(anonymous_1)","decl":{"start":{"line":59,"column":30},"end":{"line":59,"column":31}},"loc":{"start":{"line":59,"column":36},"end":{"line":70,"column":3}},"line":59},"2":{"name":"(anonymous_2)","decl":{"start":{"line":72,"column":29},"end":{"line":72,"column":30}},"loc":{"start":{"line":72,"column":35},"end":{"line":83,"column":3}},"line":72},"3":{"name":"(anonymous_3)","decl":{"start":{"line":85,"column":24},"end":{"line":85,"column":25}},"loc":{"start":{"line":85,"column":31},"end":{"line":91,"column":3}},"line":85},"4":{"name":"(anonymous_4)","decl":{"start":{"line":93,"column":12},"end":{"line":93,"column":13}},"loc":{"start":{"line":93,"column":18},"end":{"line":103,"column":3}},"line":93},"5":{"name":"(anonymous_5)","decl":{"start":{"line":98,"column":12},"end":{"line":98,"column":13}},"loc":{"start":{"line":98,"column":25},"end":{"line":102,"column":5}},"line":98},"6":{"name":"(anonymous_6)","decl":{"start":{"line":109,"column":40},"end":{"line":109,"column":41}},"loc":{"start":{"line":109,"column":47},"end":{"line":109,"column":67}},"line":109},"7":{"name":"(anonymous_7)","decl":{"start":{"line":111,"column":20},"end":{"line":111,"column":21}},"loc":{"start":{"line":111,"column":30},"end":{"line":111,"column":73}},"line":111}},"branchMap":{"0":{"loc":{"start":{"line":60,"column":4},"end":{"line":68,"column":5}},"type":"if","locations":[{"start":{"line":60,"column":4},"end":{"line":68,"column":5}},{"start":{"line":66,"column":11},"end":{"line":68,"column":5}}],"line":60},"1":{"loc":{"start":{"line":61,"column":6},"end":{"line":65,"column":7}},"type":"if","locations":[{"start":{"line":61,"column":6},"end":{"line":65,"column":7}},{"start":{"line":63,"column":13},"end":{"line":65,"column":7}}],"line":61},"2":{"loc":{"start":{"line":73,"column":4},"end":{"line":81,"column":5}},"type":"if","locations":[{"start":{"line":73,"column":4},"end":{"line":81,"column":5}},{"start":{"line":79,"column":11},"end":{"line":81,"column":5}}],"line":73},"3":{"loc":{"start":{"line":74,"column":6},"end":{"line":78,"column":7}},"type":"if","locations":[{"start":{"line":74,"column":6},"end":{"line":78,"column":7}},{"start":{"line":76,"column":13},"end":{"line":78,"column":7}}],"line":74},"4":{"loc":{"start":{"line":86,"column":4},"end":{"line":90,"column":5}},"type":"if","locations":[{"start":{"line":86,"column":4},"end":{"line":90,"column":5}},{"start":{"line":88,"column":11},"end":{"line":90,"column":5}}],"line":86},"5":{"loc":{"start":{"line":110,"column":9},"end":{"line":110,"column":96}},"type":"binary-expr","locations":[{"start":{"line":110,"column":9},"end":{"line":110,"column":26}},{"start":{"line":110,"column":30},"end":{"line":110,"column":96}}],"line":110},"6":{"loc":{"start":{"line":112,"column":9},"end":{"line":112,"column":97}},"type":"binary-expr","locations":[{"start":{"line":112,"column":9},"end":{"line":112,"column":26}},{"start":{"line":112,"column":30},"end":{"line":112,"column":97}}],"line":112}},"s":{"0":1,"1":1,"2":1,"3":1,"4":1,"5":1,"6":1,"7":1,"8":1,"9":1,"10":1,"11":1,"12":0,"13":0,"14":0,"15":0,"16":0,"17":0,"18":1,"19":0,"20":0,"21":0,"22":0,"23":0,"24":0,"25":1,"26":0,"27":0,"28":0,"29":1,"30":1,"31":0,"32":0,"33":0,"34":1,"35":0,"36":0},"f":{"0":1,"1":0,"2":0,"3":0,"4":1,"5":0,"6":0,"7":0},"b":{"0":[0,0],"1":[0,0],"2":[0,0],"3":[0,0],"4":[0,0],"5":[1,0],"6":[1,0]},"_coverageSchema":"1a1c01bbd47fc00a2c39e90264f33305004495a9","hash":"69ca9b4ec5c951d6247be79c6a71314534d916e1"}
}
