{"/Users/michael/Desktop/project-catwalk/client/src/component/Overview/Image-Gallery/TinyImage.jsx": {"path":"/Users/michael/Desktop/project-catwalk/client/src/component/Overview/Image-Gallery/TinyImage.jsx","statementMap":{"0":{"start":{"line":4,"column":18},"end":{"line":11,"column":1}},"1":{"start":{"line":5,"column":2},"end":{"line":10,"column":12}},"2":{"start":{"line":7,"column":21},"end":{"line":7,"column":40}},"3":{"start":{"line":15,"column":20},"end":{"line":25,"column":1}},"4":{"start":{"line":27,"column":16},"end":{"line":30,"column":1}}},"fnMap":{"0":{"name":"(anonymous_0)","decl":{"start":{"line":4,"column":18},"end":{"line":4,"column":19}},"loc":{"start":{"line":5,"column":2},"end":{"line":10,"column":12}},"line":5},"1":{"name":"(anonymous_1)","decl":{"start":{"line":7,"column":15},"end":{"line":7,"column":16}},"loc":{"start":{"line":7,"column":21},"end":{"line":7,"column":40}},"line":7}},"branchMap":{},"s":{"0":1,"1":1,"2":0,"3":1,"4":1},"f":{"0":1,"1":0},"b":{},"_coverageSchema":"1a1c01bbd47fc00a2c39e90264f33305004495a9","hash":"0a5a5abc170fc3cf14689e3b1ebf8c7aa25ac177"}
,"/Users/michael/Desktop/project-catwalk/client/src/component/Overview/Product-Info/Category.jsx": {"path":"/Users/michael/Desktop/project-catwalk/client/src/component/Overview/Product-Info/Category.jsx","statementMap":{"0":{"start":{"line":4,"column":17},"end":{"line":6,"column":1}},"1":{"start":{"line":5,"column":2},"end":{"line":5,"column":47}},"2":{"start":{"line":10,"column":24},"end":{"line":14,"column":1}}},"fnMap":{"0":{"name":"(anonymous_0)","decl":{"start":{"line":4,"column":17},"end":{"line":4,"column":18}},"loc":{"start":{"line":5,"column":2},"end":{"line":5,"column":47}},"line":5}},"branchMap":{},"s":{"0":1,"1":1,"2":1},"f":{"0":1},"b":{},"_coverageSchema":"1a1c01bbd47fc00a2c39e90264f33305004495a9","hash":"678e2fc577ea82f38f9ac1bb4d765c690b73bee3"}
,"/Users/michael/Desktop/project-catwalk/client/src/component/Overview/Product-Info/Price.jsx": {"path":"/Users/michael/Desktop/project-catwalk/client/src/component/Overview/Product-Info/Price.jsx","statementMap":{"0":{"start":{"line":4,"column":14},"end":{"line":14,"column":1}},"1":{"start":{"line":5,"column":2},"end":{"line":7,"column":3}},"2":{"start":{"line":6,"column":4},"end":{"line":6,"column":53}},"3":{"start":{"line":8,"column":2},"end":{"line":13,"column":4}},"4":{"start":{"line":18,"column":22},"end":{"line":20,"column":1}},"5":{"start":{"line":22,"column":18},"end":{"line":24,"column":1}}},"fnMap":{"0":{"name":"(anonymous_0)","decl":{"start":{"line":4,"column":14},"end":{"line":4,"column":15}},"loc":{"start":{"line":4,"column":36},"end":{"line":14,"column":1}},"line":4}},"branchMap":{"0":{"loc":{"start":{"line":5,"column":2},"end":{"line":7,"column":3}},"type":"if","locations":[{"start":{"line":5,"column":2},"end":{"line":7,"column":3}},{"start":{},"end":{}}],"line":5}},"s":{"0":1,"1":2,"2":1,"3":1,"4":1,"5":1},"f":{"0":2},"b":{"0":[1,1]},"_coverageSchema":"1a1c01bbd47fc00a2c39e90264f33305004495a9","hash":"d0c1120d4c009e01a7d631e99f4aabbfd532aee3"}
,"/Users/michael/Desktop/project-catwalk/client/src/component/Overview/Product-Info/ProductDescription.jsx": {"path":"/Users/michael/Desktop/project-catwalk/client/src/component/Overview/Product-Info/ProductDescription.jsx","statementMap":{"0":{"start":{"line":4,"column":27},"end":{"line":9,"column":1}},"1":{"start":{"line":5,"column":2},"end":{"line":8,"column":12}},"2":{"start":{"line":13,"column":26},"end":{"line":16,"column":1}},"3":{"start":{"line":18,"column":21},"end":{"line":20,"column":1}},"4":{"start":{"line":22,"column":16},"end":{"line":25,"column":1}}},"fnMap":{"0":{"name":"(anonymous_0)","decl":{"start":{"line":4,"column":27},"end":{"line":4,"column":28}},"loc":{"start":{"line":5,"column":2},"end":{"line":8,"column":12}},"line":5}},"branchMap":{},"s":{"0":1,"1":1,"2":1,"3":1,"4":1},"f":{"0":1},"b":{},"_coverageSchema":"1a1c01bbd47fc00a2c39e90264f33305004495a9","hash":"a641293e5d8720ac9890bbbf4967a5aee08eef82"}
,"/Users/michael/Desktop/project-catwalk/client/src/component/Overview/Product-Info/ProductName.jsx": {"path":"/Users/michael/Desktop/project-catwalk/client/src/component/Overview/Product-Info/ProductName.jsx","statementMap":{"0":{"start":{"line":4,"column":20},"end":{"line":4,"column":79}},"1":{"start":{"line":4,"column":34},"end":{"line":4,"column":79}},"2":{"start":{"line":8,"column":26},"end":{"line":10,"column":1}}},"fnMap":{"0":{"name":"(anonymous_0)","decl":{"start":{"line":4,"column":20},"end":{"line":4,"column":21}},"loc":{"start":{"line":4,"column":34},"end":{"line":4,"column":79}},"line":4}},"branchMap":{},"s":{"0":1,"1":1,"2":1},"f":{"0":1},"b":{},"_coverageSchema":"1a1c01bbd47fc00a2c39e90264f33305004495a9","hash":"84aa5716f7bb0f54f7c4c00495a0e2979b75cf37"}
}
