TN:
SF:client/src/component/App.jsx
FN:8,(anonymous_0)
FN:11,(anonymous_1)
FNF:2
FNH:2
FNDA:1,(anonymous_0)
FNDA:1,(anonymous_1)
DA:8,1
DA:9,1
DA:10,1
DA:11,1
DA:12,1
LF:5
LH:5
BRF:0
BRH:0
end_of_record
TN:
SF:client/src/component/ProductContext.jsx
FN:5,(anonymous_0)
FNF:1
FNH:0
FNDA:0,(anonymous_0)
DA:3,2
DA:7,2
LF:2
LH:2
BRF:0
BRH:0
end_of_record
TN:
SF:client/src/component/Overview/Overview.jsx
FN:26,(anonymous_0)
FN:32,(anonymous_1)
FN:37,(anonymous_2)
FN:40,(anonymous_3)
FN:44,cleanup
FNF:5
FNH:3
FNDA:1,(anonymous_0)
FNDA:1,(anonymous_1)
FNDA:0,(anonymous_2)
FNDA:0,(anonymous_3)
FNDA:1,cleanup
DA:24,1
DA:26,1
DA:27,1
DA:28,1
DA:29,1
DA:30,1
DA:32,1
DA:33,1
DA:38,0
DA:41,0
DA:44,1
DA:45,1
DA:46,1
DA:50,1
DA:110,1
DA:119,1
DA:128,1
DA:133,1
DA:138,1
DA:142,1
LF:20
LH:18
BRDA:53,0,0,1
BRDA:53,0,1,0
BRDA:54,1,0,1
BRDA:54,1,1,0
BRDA:57,2,0,1
BRDA:57,2,1,0
BRDA:64,3,0,1
BRDA:64,3,1,0
BRDA:70,4,0,1
BRDA:70,4,1,0
BRDA:74,5,0,1
BRDA:74,5,1,0
BRDA:84,6,0,1
BRDA:84,6,1,0
BRDA:92,7,0,1
BRDA:92,7,1,0
BRDA:98,8,0,1
BRDA:98,8,1,0
BRF:18
BRH:9
end_of_record
TN:
SF:client/src/component/Overview/Cart/AddToCart.jsx
FN:3,(anonymous_0)
FNF:1
FNH:0
FNDA:0,(anonymous_0)
DA:3,1
LF:1
LH:1
BRF:0
BRH:0
end_of_record
TN:
SF:client/src/component/Overview/Cart/Quantity.jsx
FN:3,(anonymous_0)
FN:25,(anonymous_1)
FNF:2
FNH:0
FNDA:0,(anonymous_0)
FNDA:0,(anonymous_1)
DA:3,1
DA:4,0
DA:6,0
DA:7,0
DA:8,0
DA:11,0
DA:12,0
DA:16,0
DA:17,0
DA:23,0
DA:26,0
LF:11
LH:1
BRDA:6,0,0,0
BRDA:6,0,1,0
BRDA:6,1,0,0
BRDA:6,1,1,0
BRDA:16,2,0,0
BRDA:16,2,1,0
BRDA:16,3,0,0
BRDA:16,3,1,0
BRF:8
BRH:0
end_of_record
TN:
SF:client/src/component/Overview/Cart/SizeDropdown.jsx
FN:5,(anonymous_0)
FN:23,(anonymous_1)
FN:29,(anonymous_2)
FNF:3
FNH:0
FNDA:0,(anonymous_0)
FNDA:0,(anonymous_1)
FNDA:0,(anonymous_2)
DA:5,1
DA:6,0
DA:7,0
DA:9,0
DA:10,0
DA:12,0
DA:13,0
DA:17,0
DA:20,0
DA:24,0
DA:30,0
LF:11
LH:1
BRF:0
BRH:0
end_of_record
TN:
SF:client/src/component/Overview/Image-Gallery/CurrentImage.jsx
FN:4,(anonymous_0)
FN:7,(anonymous_1)
FNF:2
FNH:0
FNDA:0,(anonymous_0)
FNDA:0,(anonymous_1)
DA:4,1
DA:5,0
DA:7,0
DA:8,0
DA:9,0
DA:11,0
DA:15,0
DA:20,1
LF:8
LH:2
BRDA:8,0,0,0
BRDA:8,0,1,0
BRF:2
BRH:0
end_of_record
TN:
SF:client/src/component/Overview/Image-Gallery/Sidebar.jsx
FN:5,(anonymous_0)
FN:10,(anonymous_1)
FNF:2
FNH:0
FNDA:0,(anonymous_0)
FNDA:0,(anonymous_1)
DA:5,1
DA:6,0
DA:8,0
DA:11,0
DA:19,1
LF:5
LH:2
BRF:0
BRH:0
end_of_record
TN:
SF:client/src/component/Overview/Image-Gallery/TinyImage.jsx
FN:4,(anonymous_0)
FN:7,(anonymous_1)
FNF:2
FNH:0
FNDA:0,(anonymous_0)
FNDA:0,(anonymous_1)
DA:4,1
DA:5,0
DA:7,0
DA:15,1
DA:27,1
LF:5
LH:3
BRF:0
BRH:0
end_of_record
TN:
SF:client/src/component/Overview/Product-Info/Category.jsx
FN:4,(anonymous_0)
FNF:1
FNH:0
FNDA:0,(anonymous_0)
DA:4,1
DA:5,0
DA:10,1
LF:3
LH:2
BRF:0
BRH:0
end_of_record
TN:
SF:client/src/component/Overview/Product-Info/Price.jsx
FN:4,(anonymous_0)
FNF:1
FNH:0
FNDA:0,(anonymous_0)
DA:4,1
DA:5,0
DA:6,0
DA:8,0
DA:18,1
DA:22,1
LF:6
LH:3
BRDA:5,0,0,0
BRDA:5,0,1,0
BRF:2
BRH:0
end_of_record
TN:
SF:client/src/component/Overview/Product-Info/ProductDescription.jsx
FN:4,(anonymous_0)
FNF:1
FNH:0
FNDA:0,(anonymous_0)
DA:4,1
DA:5,0
DA:13,1
DA:18,1
DA:22,1
LF:5
LH:4
BRF:0
BRH:0
end_of_record
TN:
SF:client/src/component/Overview/Product-Info/ProductName.jsx
FN:4,(anonymous_0)
FNF:1
FNH:0
FNDA:0,(anonymous_0)
DA:4,1
DA:8,1
LF:2
LH:2
BRF:0
BRH:0
end_of_record
TN:
SF:client/src/component/Overview/Styles/SelectedStyle.jsx
FN:3,(anonymous_0)
FNF:1
FNH:0
FNDA:0,(anonymous_0)
DA:3,1
DA:4,0
LF:2
LH:1
BRF:0
BRH:0
end_of_record
TN:
SF:client/src/component/Overview/Styles/Styles.jsx
FN:5,(anonymous_0)
FN:11,(anonymous_1)
FNF:2
FNH:0
FNDA:0,(anonymous_0)
FNDA:0,(anonymous_1)
DA:5,1
DA:6,0
DA:8,0
DA:12,0
DA:26,1
LF:5
LH:2
BRF:0
BRH:0
end_of_record
TN:
SF:client/src/component/Overview/Styles/Thumbnails.jsx
FN:5,(anonymous_0)
FN:15,(anonymous_1)
FN:29,(anonymous_2)
FNF:3
FNH:0
FNDA:0,(anonymous_0)
FNDA:0,(anonymous_1)
FNDA:0,(anonymous_2)
DA:5,1
DA:11,0
DA:12,0
DA:15,0
DA:27,1
DA:29,0
DA:38,1
LF:7
LH:3
BRDA:19,0,0,0
BRDA:19,0,1,0
BRF:2
BRH:0
end_of_record
TN:
SF:client/src/component/qa/AddAnswer.jsx
FN:89,(anonymous_0)
FN:95,(anonymous_1)
FN:96,(anonymous_2)
FN:98,(anonymous_3)
FN:103,(anonymous_4)
FN:113,(anonymous_5)
FN:119,(anonymous_6)
FN:120,(anonymous_7)
FN:146,(anonymous_8)
FN:148,(anonymous_9)
FN:153,(anonymous_10)
FNF:11
FNH:1
FNDA:2,(anonymous_0)
FNDA:0,(anonymous_1)
FNDA:0,(anonymous_2)
FNDA:0,(anonymous_3)
FNDA:0,(anonymous_4)
FNDA:0,(anonymous_5)
FNDA:0,(anonymous_6)
FNDA:0,(anonymous_7)
FNDA:0,(anonymous_8)
FNDA:0,(anonymous_9)
FNDA:0,(anonymous_10)
DA:5,2
DA:15,2
DA:31,2
DA:43,2
DA:47,2
DA:51,2
DA:55,2
DA:60,2
DA:64,2
DA:69,2
DA:74,2
DA:78,2
DA:83,2
DA:89,2
DA:90,2
DA:91,2
DA:92,2
DA:93,2
DA:95,2
DA:96,2
DA:98,2
DA:99,0
DA:100,0
DA:103,2
DA:104,0
DA:105,0
DA:106,0
DA:107,0
DA:108,0
DA:109,0
DA:110,0
DA:113,2
DA:114,0
DA:119,0
DA:120,0
DA:123,2
DA:146,0
DA:148,0
DA:153,0
LF:39
LH:24
BRDA:105,0,0,0
BRDA:105,0,1,0
BRDA:107,1,0,0
BRDA:107,1,1,0
BRDA:109,2,0,0
BRDA:109,2,1,0
BRDA:109,3,0,0
BRDA:109,3,1,0
BRDA:131,4,0,0
BRDA:131,4,1,2
BRDA:143,5,0,0
BRDA:143,5,1,0
BRDA:143,6,0,0
BRDA:143,6,1,0
BRDA:143,6,2,0
BRF:15
BRH:1
end_of_record
TN:
SF:client/src/component/qa/AddQuestion.jsx
FN:91,(anonymous_0)
FN:98,(anonymous_1)
FN:99,(anonymous_2)
FN:102,(anonymous_3)
FN:105,(anonymous_4)
FN:109,(anonymous_5)
FN:114,(anonymous_6)
FN:125,(anonymous_7)
FN:133,(anonymous_8)
FN:134,(anonymous_9)
FN:158,(anonymous_10)
FN:162,(anonymous_11)
FN:170,(anonymous_12)
FNF:13
FNH:1
FNDA:1,(anonymous_0)
FNDA:0,(anonymous_1)
FNDA:0,(anonymous_2)
FNDA:0,(anonymous_3)
FNDA:0,(anonymous_4)
FNDA:0,(anonymous_5)
FNDA:0,(anonymous_6)
FNDA:0,(anonymous_7)
FNDA:0,(anonymous_8)
FNDA:0,(anonymous_9)
FNDA:0,(anonymous_10)
FNDA:0,(anonymous_11)
FNDA:0,(anonymous_12)
DA:5,2
DA:15,2
DA:31,2
DA:45,2
DA:49,2
DA:53,2
DA:57,2
DA:62,2
DA:66,2
DA:71,2
DA:76,2
DA:81,2
DA:87,2
DA:91,2
DA:92,1
DA:93,1
DA:94,1
DA:95,1
DA:96,1
DA:98,1
DA:99,1
DA:101,1
DA:103,0
DA:106,0
DA:109,1
DA:110,0
DA:111,0
DA:114,1
DA:115,0
DA:116,0
DA:117,0
DA:118,0
DA:119,0
DA:120,0
DA:121,0
DA:125,1
DA:126,0
DA:133,0
DA:134,0
DA:137,1
DA:158,0
DA:162,0
DA:170,0
LF:43
LH:26
BRDA:116,0,0,0
BRDA:116,0,1,0
BRDA:118,1,0,0
BRDA:118,1,1,0
BRDA:120,2,0,0
BRDA:120,2,1,0
BRDA:120,3,0,0
BRDA:120,3,1,0
BRDA:140,4,0,0
BRDA:140,4,1,1
BRDA:153,5,0,0
BRDA:153,5,1,0
BRDA:153,6,0,0
BRDA:153,6,1,0
BRDA:153,6,2,0
BRF:15
BRH:1
end_of_record
TN:
SF:client/src/component/qa/Answer.jsx
FN:25,(anonymous_0)
FN:34,(anonymous_1)
FN:37,(anonymous_2)
FN:40,(anonymous_3)
FN:42,(anonymous_4)
FN:44,(anonymous_5)
FNF:6
FNH:1
FNDA:3,(anonymous_0)
FNDA:0,(anonymous_1)
FNDA:0,(anonymous_2)
FNDA:0,(anonymous_3)
FNDA:0,(anonymous_4)
FNDA:0,(anonymous_5)
DA:6,2
DA:16,2
DA:20,2
DA:25,2
DA:26,3
DA:27,3
DA:28,3
DA:29,3
DA:30,3
DA:31,2
DA:34,3
DA:35,0
DA:36,0
DA:37,0
DA:38,0
DA:39,0
DA:40,0
DA:41,0
DA:42,0
DA:43,0
DA:44,0
DA:48,3
LF:22
LH:12
BRDA:30,0,0,2
BRDA:30,0,1,1
BRDA:36,1,0,0
BRDA:36,1,1,0
BRDA:36,2,0,0
BRDA:36,2,1,0
BRDA:41,3,0,0
BRDA:41,3,1,0
BRDA:41,4,0,0
BRDA:41,4,1,0
BRDA:61,5,0,2
BRDA:61,5,1,1
BRDA:74,6,0,0
BRDA:74,6,1,3
BRF:14
BRH:5
end_of_record
TN:
SF:client/src/component/qa/List.jsx
FN:35,(anonymous_0)
FN:49,(anonymous_1)
FN:51,(anonymous_2)
FN:52,(anonymous_3)
FN:54,(anonymous_4)
FN:57,(anonymous_5)
FN:61,(anonymous_6)
FN:70,(anonymous_7)
FN:75,(anonymous_8)
FN:92,(anonymous_9)
FN:94,(anonymous_10)
FNF:11
FNH:3
FNDA:1,(anonymous_0)
FNDA:1,(anonymous_1)
FNDA:0,(anonymous_2)
FNDA:0,(anonymous_3)
FNDA:0,(anonymous_4)
FNDA:1,(anonymous_5)
FNDA:0,(anonymous_6)
FNDA:0,(anonymous_7)
FNDA:0,(anonymous_8)
FNDA:0,(anonymous_9)
FNDA:0,(anonymous_10)
DA:8,2
DA:10,2
DA:16,2
DA:21,2
DA:35,2
DA:36,1
DA:37,1
DA:38,1
DA:39,1
DA:40,1
DA:41,1
DA:43,1
DA:49,1
DA:50,1
DA:52,0
DA:54,0
DA:57,1
DA:58,1
DA:61,1
DA:62,0
DA:63,0
DA:65,0
DA:67,0
DA:70,1
DA:71,0
DA:72,0
DA:73,0
DA:74,0
DA:75,0
DA:78,0
DA:82,1
DA:93,0
DA:95,0
LF:33
LH:19
BRDA:62,0,0,0
BRDA:62,0,1,0
BRDA:72,1,0,0
BRDA:72,1,1,0
BRDA:92,2,0,0
BRDA:92,2,1,1
BRDA:100,3,0,0
BRDA:100,3,1,1
BRDA:100,4,0,0
BRDA:100,4,1,0
BRF:10
BRH:2
end_of_record
TN:
SF:client/src/component/qa/Question.jsx
FN:39,(anonymous_0)
FN:50,(anonymous_1)
FN:52,(anonymous_2)
FN:52,(anonymous_3)
FN:61,(anonymous_4)
FN:70,(anonymous_5)
FN:73,(anonymous_6)
FN:76,(anonymous_7)
FN:78,(anonymous_8)
FN:81,(anonymous_9)
FN:86,(anonymous_10)
FN:89,(anonymous_11)
FN:138,(anonymous_12)
FNF:13
FNH:5
FNDA:1,(anonymous_0)
FNDA:3,(anonymous_1)
FNDA:3,(anonymous_2)
FNDA:4,(anonymous_3)
FNDA:0,(anonymous_4)
FNDA:0,(anonymous_5)
FNDA:0,(anonymous_6)
FNDA:0,(anonymous_7)
FNDA:0,(anonymous_8)
FNDA:0,(anonymous_9)
FNDA:0,(anonymous_10)
FNDA:0,(anonymous_11)
FNDA:2,(anonymous_12)
DA:7,2
DA:17,2
DA:21,2
DA:26,2
DA:39,2
DA:40,1
DA:41,1
DA:43,1
DA:44,1
DA:45,1
DA:46,1
DA:48,1
DA:50,3
DA:52,3
DA:53,4
DA:54,3
DA:55,1
DA:56,0
DA:58,1
DA:61,1
DA:62,0
DA:63,0
DA:65,0
DA:67,0
DA:70,1
DA:71,0
DA:72,0
DA:73,0
DA:74,0
DA:75,0
DA:76,0
DA:77,0
DA:78,0
DA:79,0
DA:80,0
DA:81,0
DA:85,1
DA:87,0
DA:90,0
DA:93,1
DA:138,2
LF:41
LH:23
BRDA:53,0,0,3
BRDA:53,0,1,1
BRDA:55,1,0,0
BRDA:55,1,1,1
BRDA:62,2,0,0
BRDA:62,2,1,0
BRDA:72,3,0,0
BRDA:72,3,1,0
BRDA:72,4,0,0
BRDA:72,4,1,0
BRDA:77,5,0,0
BRDA:77,5,1,0
BRDA:77,6,0,0
BRDA:77,6,1,0
BRDA:119,7,0,0
BRDA:119,7,1,1
BRDA:142,8,0,1
BRDA:142,8,1,0
BRDA:146,9,0,0
BRDA:146,9,1,1
BRF:20
BRH:6
end_of_record
TN:
SF:client/src/component/qa/search.jsx
FN:13,(anonymous_0)
FNF:1
FNH:1
FNDA:1,(anonymous_0)
DA:4,2
DA:13,2
DA:14,1
LF:3
LH:3
BRF:0
BRH:0
end_of_record
TN:
SF:client/src/component/relateditems/CompareModal.jsx
FN:46,(anonymous_0)
FN:49,(anonymous_1)
FNF:2
FNH:0
FNDA:0,(anonymous_0)
FNDA:0,(anonymous_1)
DA:4,1
DA:14,1
DA:29,1
DA:46,1
DA:47,0
DA:49,0
LF:6
LH:4
BRF:0
BRH:0
end_of_record
TN:
SF:client/src/component/relateditems/RelatedItem.jsx
FN:89,(anonymous_0)
FN:96,(anonymous_1)
FN:117,(anonymous_2)
FNF:3
FNH:0
FNDA:0,(anonymous_0)
FNDA:0,(anonymous_1)
FNDA:0,(anonymous_2)
DA:7,1
DA:12,1
DA:36,1
DA:45,1
DA:53,1
DA:59,1
DA:68,1
DA:72,1
DA:89,1
DA:90,0
DA:91,0
DA:93,0
DA:96,0
DA:117,0
LF:14
LH:9
BRDA:104,0,0,0
BRDA:104,0,1,0
BRDA:116,1,0,0
BRDA:116,1,1,0
BRF:4
BRH:0
end_of_record
TN:
SF:client/src/component/relateditems/RelatedItemsMenu.jsx
FN:52,(anonymous_0)
FN:59,(anonymous_1)
FN:72,(anonymous_2)
FN:85,(anonymous_3)
FN:93,(anonymous_4)
FN:98,(anonymous_5)
FN:109,(anonymous_6)
FN:111,(anonymous_7)
FNF:8
FNH:2
FNDA:1,(anonymous_0)
FNDA:0,(anonymous_1)
FNDA:0,(anonymous_2)
FNDA:0,(anonymous_3)
FNDA:1,(anonymous_4)
FNDA:0,(anonymous_5)
FNDA:0,(anonymous_6)
FNDA:0,(anonymous_7)
DA:8,1
DA:13,1
DA:26,1
DA:29,1
DA:33,1
DA:52,1
DA:53,1
DA:54,1
DA:55,1
DA:56,1
DA:57,1
DA:59,1
DA:60,0
DA:61,0
DA:62,0
DA:64,0
DA:67,0
DA:69,0
DA:72,1
DA:73,0
DA:74,0
DA:75,0
DA:77,0
DA:80,0
DA:82,0
DA:85,1
DA:86,0
DA:87,0
DA:89,0
DA:93,1
DA:94,1
DA:99,0
DA:100,0
DA:101,0
DA:104,1
DA:109,0
DA:111,0
LF:37
LH:17
BRDA:60,0,0,0
BRDA:60,0,1,0
BRDA:61,1,0,0
BRDA:61,1,1,0
BRDA:73,2,0,0
BRDA:73,2,1,0
BRDA:74,3,0,0
BRDA:74,3,1,0
BRDA:86,4,0,0
BRDA:86,4,1,0
BRDA:110,5,0,1
BRDA:110,5,1,0
BRDA:112,6,0,1
BRDA:112,6,1,0
BRF:14
BRH:2
end_of_record
